#
# There is insufficient memory for the Java Runtime Environment to continue.
# Native memory allocation (malloc) failed to allocate 1461936 bytes for Chunk::new
# Possible reasons:
#   The system is out of physical RAM or swap space
#   The process is running with CompressedOops enabled, and the Java Heap may be blocking the growth of the native heap
# Possible solutions:
#   Reduce memory load on the system
#   Increase physical memory or swap space
#   Check if swap backing store is full
#   Decrease Java heap size (-Xmx/-Xms)
#   Decrease number of Java threads
#   Decrease Java thread stack sizes (-Xss)
#   Set larger code cache with -XX:ReservedCodeCacheSize=
#   JVM is running with Unscaled Compressed Oops mode in which the Java heap is
#     placed in the first 4GB address space. The Java Heap base address is the
#     maximum limit for the native heap growth. Please use -XX:HeapBaseMinAddress
#     to set the Java Heap base and to place the Java Heap above 4GB virtual address.
# This output file may be truncated or incomplete.
#
#  Out of Memory Error (./src/hotspot/share/memory/arena.cpp:197), pid=2036, tid=10644
#
# JRE version: OpenJDK Runtime Environment (11.0.10) (build 11.0.10+0-b96-7249189)
# Java VM: OpenJDK 64-Bit Server VM (11.0.10+0-b96-7249189, mixed mode, tiered, compressed oops, g1 gc, windows-amd64)
# No core dump will be written. Minidumps are not enabled by default on client versions of Windows
#

---------------  S U M M A R Y ------------

Command Line: --add-opens=java.base/java.util=ALL-UNNAMED --add-opens=java.base/java.lang=ALL-UNNAMED --add-opens=java.base/java.lang.invoke=ALL-UNNAMED --add-opens=java.base/java.util=ALL-UNNAMED --add-opens=java.prefs/java.util.prefs=ALL-UNNAMED --add-opens=java.prefs/java.util.prefs=ALL-UNNAMED --add-opens=java.base/java.nio.charset=ALL-UNNAMED --add-opens=java.base/java.net=ALL-UNNAMED --add-opens=java.base/java.util.concurrent.atomic=ALL-UNNAMED -Xmx2048m -Dfile.encoding=UTF-8 -Duser.country=CN -Duser.language=zh -Duser.variant org.gradle.launcher.daemon.bootstrap.GradleDaemon 7.0.2

Host: Intel(R) Core(TM) i7-6700HQ CPU @ 2.60GHz, 8 cores, 15G,  Windows 10 , 64 bit Build 19041 (10.0.19041.1348)
Time: Tue Dec 14 15:40:55 2021 中国标准时间 elapsed time: 1410.357532 seconds (0d 0h 23m 30s)

---------------  T H R E A D  ---------------

Current thread (0x0000029fa5cec800):  JavaThread "C2 CompilerThread0" daemon [_thread_in_native, id=10644, stack(0x000000fb0c400000,0x000000fb0c500000)]


Current CompileTask:
C2:1410357 29767  s!   4       jdk.internal.loader.URLClassPath::getLoader (194 bytes)

Stack: [0x000000fb0c400000,0x000000fb0c500000]
Native frames: (J=compiled Java code, j=interpreted, Vv=VM code, C=native code)
V  [jvm.dll+0x5ecfaa]
V  [jvm.dll+0x722bd5]
V  [jvm.dll+0x72412d]
V  [jvm.dll+0x7247e3]
V  [jvm.dll+0x242928]
V  [jvm.dll+0xbc4fc]
V  [jvm.dll+0xbca0c]
V  [jvm.dll+0x352d7d]
V  [jvm.dll+0x320ad3]
V  [jvm.dll+0x31ffca]
V  [jvm.dll+0x1fb602]
V  [jvm.dll+0x1fa7f4]
V  [jvm.dll+0x18354c]
V  [jvm.dll+0x208ee7]
V  [jvm.dll+0x207731]
V  [jvm.dll+0x6eb1cf]
V  [jvm.dll+0x6e3d45]
V  [jvm.dll+0x5ebe96]
C  [ucrtbase.dll+0x21bb2]
C  [KERNEL32.DLL+0x17034]
C  [ntdll.dll+0x52651]


---------------  P R O C E S S  ---------------

Threads class SMR info:
_java_thread_list=0x0000029fac8bd410, length=75, elements={
0x0000029f88fe3000, 0x0000029fa5c5f800, 0x0000029fa5c6a800, 0x0000029fa5cdb800,
0x0000029fa5cdd000, 0x0000029fa5ce0000, 0x0000029fa5cec800, 0x0000029fa5cf3000,
0x0000029fa5cf6000, 0x0000029fa5e4f000, 0x0000029fa8219000, 0x0000029fa7df6000,
0x0000029fa7704000, 0x0000029fa6565000, 0x0000029fa6569000, 0x0000029fa656a000,
0x0000029fa6566800, 0x0000029fa656b000, 0x0000029fa6566000, 0x0000029fa6568800,
0x0000029fa7f11800, 0x0000029fa7f11000, 0x0000029fa7f0c000, 0x0000029fa7f0d800,
0x0000029fa7f12800, 0x0000029fa7f0c800, 0x0000029fa7f14000, 0x0000029fa7f1a800,
0x0000029fa8966800, 0x0000029fa7f13000, 0x0000029fa7f0e800, 0x0000029fa7f15000,
0x0000029fa7f0f000, 0x0000029fa7f15800, 0x0000029fa7f19000, 0x0000029fa7f19800,
0x0000029fa7f17800, 0x0000029fa7f18000, 0x0000029fae257800, 0x0000029fae258800,
0x0000029fae25b800, 0x0000029fae256000, 0x0000029fae25c800, 0x0000029fae256800,
0x0000029fae25f800, 0x0000029fae260800, 0x0000029fae261000, 0x0000029fae262000,
0x0000029fae25d000, 0x0000029fae263000, 0x0000029fae263800, 0x0000029fae25e000,
0x0000029fae264800, 0x0000029fa8969000, 0x0000029fa8964000, 0x0000029fa8965800,
0x0000029fa8967800, 0x0000029fa8963800, 0x0000029fa896a000, 0x0000029fa656b800,
0x0000029fa6567800, 0x0000029fb1846000, 0x0000029fb1848000, 0x0000029fb1848800,
0x0000029fb1847000, 0x0000029fb1844800, 0x0000029fb1849800, 0x0000029fb1844000,
0x0000029fb1850000, 0x0000029fb184f000, 0x0000029fb184d800, 0x0000029fb184a800,
0x0000029fb184b000, 0x0000029fb1851000, 0x0000029fb1851800
}

Java Threads: ( => current thread )
  0x0000029f88fe3000 JavaThread "main" [_thread_blocked, id=15812, stack(0x000000fb0b800000,0x000000fb0b900000)]
  0x0000029fa5c5f800 JavaThread "Reference Handler" daemon [_thread_blocked, id=10512, stack(0x000000fb0bf00000,0x000000fb0c000000)]
  0x0000029fa5c6a800 JavaThread "Finalizer" daemon [_thread_blocked, id=6672, stack(0x000000fb0c000000,0x000000fb0c100000)]
  0x0000029fa5cdb800 JavaThread "Signal Dispatcher" daemon [_thread_blocked, id=7596, stack(0x000000fb0c100000,0x000000fb0c200000)]
  0x0000029fa5cdd000 JavaThread "Attach Listener" daemon [_thread_blocked, id=9768, stack(0x000000fb0c200000,0x000000fb0c300000)]
  0x0000029fa5ce0000 JavaThread "Service Thread" daemon [_thread_blocked, id=10560, stack(0x000000fb0c300000,0x000000fb0c400000)]
=>0x0000029fa5cec800 JavaThread "C2 CompilerThread0" daemon [_thread_in_native, id=10644, stack(0x000000fb0c400000,0x000000fb0c500000)]
  0x0000029fa5cf3000 JavaThread "C1 CompilerThread0" daemon [_thread_in_native, id=10480, stack(0x000000fb0c500000,0x000000fb0c600000)]
  0x0000029fa5cf6000 JavaThread "Sweeper thread" daemon [_thread_blocked, id=12960, stack(0x000000fb0c600000,0x000000fb0c700000)]
  0x0000029fa5e4f000 JavaThread "Common-Cleaner" daemon [_thread_blocked, id=8424, stack(0x000000fb0c700000,0x000000fb0c800000)]
  0x0000029fa8219000 JavaThread "Daemon health stats" [_thread_blocked, id=10532, stack(0x000000fb0ce00000,0x000000fb0cf00000)]
  0x0000029fa7df6000 JavaThread "Incoming local TCP Connector on port 8799" [_thread_in_native, id=2856, stack(0x000000fb0cf00000,0x000000fb0d000000)]
  0x0000029fa7704000 JavaThread "Daemon periodic checks" [_thread_blocked, id=12756, stack(0x000000fb0d000000,0x000000fb0d100000)]
  0x0000029fa6565000 JavaThread "Cache worker for file hash cache (C:\Users\pwj\.gradle\caches\7.0.2\fileHashes)" [_thread_blocked, id=2660, stack(0x000000fb0d800000,0x000000fb0d900000)]
  0x0000029fa6569000 JavaThread "File lock request listener" [_thread_in_native, id=6868, stack(0x000000fb0d900000,0x000000fb0da00000)]
  0x0000029fa656a000 JavaThread "Cache worker for journal cache (C:\Users\pwj\.gradle\caches\journal-1)" [_thread_blocked, id=7824, stack(0x000000fb0dd00000,0x000000fb0de00000)]
  0x0000029fa6566800 JavaThread "File watcher server" daemon [_thread_in_native, id=2988, stack(0x000000fb0df00000,0x000000fb0e000000)]
  0x0000029fa656b000 JavaThread "File watcher consumer" daemon [_thread_blocked, id=7800, stack(0x000000fb0e000000,0x000000fb0e100000)]
  0x0000029fa6566000 JavaThread "jar transforms" [_thread_blocked, id=11440, stack(0x000000fb0e100000,0x000000fb0e200000)]
  0x0000029fa6568800 JavaThread "jar transforms Thread 2" [_thread_blocked, id=10856, stack(0x000000fb0e200000,0x000000fb0e300000)]
  0x0000029fa7f11800 JavaThread "jar transforms Thread 3" [_thread_blocked, id=6828, stack(0x000000fb0e300000,0x000000fb0e400000)]
  0x0000029fa7f11000 JavaThread "jar transforms Thread 4" [_thread_blocked, id=9144, stack(0x000000fb0e400000,0x000000fb0e500000)]
  0x0000029fa7f0c000 JavaThread "jar transforms Thread 5" [_thread_blocked, id=9020, stack(0x000000fb0e500000,0x000000fb0e600000)]
  0x0000029fa7f0d800 JavaThread "jar transforms Thread 6" [_thread_blocked, id=12408, stack(0x000000fb0e600000,0x000000fb0e700000)]
  0x0000029fa7f12800 JavaThread "jar transforms Thread 7" [_thread_blocked, id=13612, stack(0x000000fb0e700000,0x000000fb0e800000)]
  0x0000029fa7f0c800 JavaThread "jar transforms Thread 8" [_thread_blocked, id=12512, stack(0x000000fb0e800000,0x000000fb0e900000)]
  0x0000029fa7f14000 JavaThread "Cache worker for execution history cache (C:\Users\pwj\.gradle\caches\7.0.2\executionHistory)" [_thread_blocked, id=15492, stack(0x000000fb0ec00000,0x000000fb0ed00000)]
  0x0000029fa7f1a800 JavaThread "Cache worker for file content cache (C:\Users\pwj\.gradle\caches\7.0.2\fileContent)" [_thread_blocked, id=10288, stack(0x000000fb0ed00000,0x000000fb0ee00000)]
  0x0000029fa8966800 JavaThread "Memory manager" [_thread_blocked, id=2544, stack(0x000000fb0f800000,0x000000fb0f900000)]
  0x0000029fa7f13000 JavaThread "Daemon Thread 4" [_thread_blocked, id=13712, stack(0x000000fb0b500000,0x000000fb0b600000)]
  0x0000029fa7f0e800 JavaThread "Handler for socket connection from /127.0.0.1:8799 to /127.0.0.1:9227" [_thread_in_native, id=232, stack(0x000000fb0b600000,0x000000fb0b700000)]
  0x0000029fa7f15000 JavaThread "Cancel handler" [_thread_blocked, id=16056, stack(0x000000fb0b700000,0x000000fb0b800000)]
  0x0000029fa7f0f000 JavaThread "Daemon worker Thread 4" [_thread_blocked, id=15624, stack(0x000000fb0d100000,0x000000fb0d200000)]
  0x0000029fa7f15800 JavaThread "Asynchronous log dispatcher for DefaultDaemonConnection: socket connection from /127.0.0.1:8799 to /127.0.0.1:9227" [_thread_blocked, id=12096, stack(0x000000fb0d200000,0x000000fb0d300000)]
  0x0000029fa7f19000 JavaThread "Stdin handler" [_thread_blocked, id=11760, stack(0x000000fb0d300000,0x000000fb0d400000)]
  0x0000029fa7f19800 JavaThread "Daemon client event forwarder" [_thread_blocked, id=13244, stack(0x000000fb0d400000,0x000000fb0d500000)]
  0x0000029fa7f17800 JavaThread "Cache worker for file hash cache (E:\code\record_github\TraingingProject\TrainingProject\.gradle\7.0.2\fileHashes)" [_thread_blocked, id=8832, stack(0x000000fb0d500000,0x000000fb0d600000)]
  0x0000029fa7f18000 JavaThread "Cache worker for checksums cache (E:\code\record_github\TraingingProject\TrainingProject\.gradle\checksums)" [_thread_blocked, id=13532, stack(0x000000fb0d600000,0x000000fb0d700000)]
  0x0000029fae257800 JavaThread "Cache worker for cache directory md-supplier (C:\Users\pwj\.gradle\caches\7.0.2\md-supplier)" [_thread_blocked, id=1368, stack(0x000000fb0d700000,0x000000fb0d800000)]
  0x0000029fae258800 JavaThread "Cache worker for cache directory md-rule (C:\Users\pwj\.gradle\caches\7.0.2\md-rule)" [_thread_blocked, id=11356, stack(0x000000fb0de00000,0x000000fb0df00000)]
  0x0000029fae25b800 JavaThread "Cache worker for dependencies-accessors (E:\code\record_github\TraingingProject\TrainingProject\.gradle\7.0.2\dependencies-accessors)" [_thread_blocked, id=10280, stack(0x000000fb0e900000,0x000000fb0ea00000)]
  0x0000029fae256000 JavaThread "Cache worker for Build Output Cleanup Cache (E:\code\record_github\TraingingProject\TrainingProject\.gradle\buildOutputCleanup)" [_thread_blocked, id=15344, stack(0x000000fb0ea00000,0x000000fb0eb00000)]
  0x0000029fae25c800 JavaThread "Build operations" [_thread_in_Java, id=3272, stack(0x000000fb0eb00000,0x000000fb0ec00000)]
  0x0000029fae256800 JavaThread "Build operations Thread 2" [_thread_in_Java, id=10084, stack(0x000000fb0ee00000,0x000000fb0ef00000)]
  0x0000029fae25f800 JavaThread "Build operations Thread 3" [_thread_in_Java, id=12072, stack(0x000000fb0ef00000,0x000000fb0f000000)]
  0x0000029fae260800 JavaThread "Build operations Thread 4" [_thread_in_vm, id=1996, stack(0x000000fb0f000000,0x000000fb0f100000)]
  0x0000029fae261000 JavaThread "Build operations Thread 5" [_thread_blocked, id=11428, stack(0x000000fb0f100000,0x000000fb0f200000)]
  0x0000029fae262000 JavaThread "Build operations Thread 6" [_thread_in_Java, id=11360, stack(0x000000fb0f200000,0x000000fb0f300000)]
  0x0000029fae25d000 JavaThread "Build operations Thread 7" [_thread_blocked, id=10964, stack(0x000000fb0f300000,0x000000fb0f400000)]
  0x0000029fae263000 JavaThread "Build operations Thread 8" [_thread_in_Java, id=12524, stack(0x000000fb0f400000,0x000000fb0f500000)]
  0x0000029fae263800 JavaThread "build event listener" [_thread_blocked, id=3484, stack(0x000000fb0f500000,0x000000fb0f600000)]
  0x0000029fae25e000 JavaThread "build event listener" [_thread_blocked, id=12664, stack(0x000000fb0f600000,0x000000fb0f700000)]
  0x0000029fae264800 JavaThread "Execution worker for ':'" [_thread_blocked, id=4040, stack(0x000000fb0f700000,0x000000fb0f800000)]
  0x0000029fa8969000 JavaThread "Execution worker for ':' Thread 2" [_thread_blocked, id=4304, stack(0x000000fb0f900000,0x000000fb0fa00000)]
  0x0000029fa8964000 JavaThread "Execution worker for ':' Thread 3" [_thread_blocked, id=14928, stack(0x000000fb0fb00000,0x000000fb0fc00000)]
  0x0000029fa8965800 JavaThread "Execution worker for ':' Thread 4" [_thread_blocked, id=5808, stack(0x000000fb0fc00000,0x000000fb0fd00000)]
  0x0000029fa8967800 JavaThread "Execution worker for ':' Thread 5" [_thread_blocked, id=10692, stack(0x000000fb0fd00000,0x000000fb0fe00000)]
  0x0000029fa8963800 JavaThread "Execution worker for ':' Thread 6" [_thread_blocked, id=13732, stack(0x000000fb0fe00000,0x000000fb0ff00000)]
  0x0000029fa896a000 JavaThread "Execution worker for ':' Thread 7" [_thread_blocked, id=2672, stack(0x000000fb0ff00000,0x000000fb10000000)]
  0x0000029fa656b800 JavaThread "Cache worker for execution history cache (E:\code\record_github\TraingingProject\TrainingProject\.gradle\7.0.2\executionHistory)" [_thread_blocked, id=8800, stack(0x000000fb10000000,0x000000fb10100000)]
  0x0000029fa6567800 JavaThread "WorkerExecutor Queue" [_thread_blocked, id=6296, stack(0x000000fb10100000,0x000000fb10200000)]
  0x0000029fb1846000 JavaThread "WorkerExecutor Queue Thread 3" [_thread_blocked, id=11548, stack(0x000000fb10300000,0x000000fb10400000)]
  0x0000029fb1848000 JavaThread "WorkerExecutor Queue Thread 4" [_thread_blocked, id=7024, stack(0x000000fb10400000,0x000000fb10500000)]
  0x0000029fb1848800 JavaThread "WorkerExecutor Queue Thread 6" [_thread_blocked, id=10664, stack(0x000000fb10500000,0x000000fb10600000)]
  0x0000029fb1847000 JavaThread "WorkerExecutor Queue Thread 7" [_thread_blocked, id=13468, stack(0x000000fb10600000,0x000000fb10700000)]
  0x0000029fb1844800 JavaThread "WorkerExecutor Queue Thread 8" [_thread_blocked, id=7984, stack(0x000000fb10700000,0x000000fb10800000)]
  0x0000029fb1849800 JavaThread "WorkerExecutor Queue Thread 9" [_thread_blocked, id=6184, stack(0x000000fb10800000,0x000000fb10900000)]
  0x0000029fb1844000 JavaThread "pool-7-thread-1" [_thread_blocked, id=14728, stack(0x000000fb10900000,0x000000fb10a00000)]
  0x0000029fb1850000 JavaThread "stderr" [_thread_in_native, id=4972, stack(0x000000fb10a00000,0x000000fb10b00000)]
  0x0000029fb184f000 JavaThread "stdout" [_thread_in_native, id=13820, stack(0x000000fb10b00000,0x000000fb10c00000)]
  0x0000029fb184d800 JavaThread "stderr" [_thread_in_native, id=6032, stack(0x000000fb10c00000,0x000000fb10d00000)]
  0x0000029fb184a800 JavaThread "stdout" [_thread_in_native, id=11724, stack(0x000000fb10d00000,0x000000fb10e00000)]
  0x0000029fb184b000 JavaThread "stderr" [_thread_in_native, id=9328, stack(0x000000fb10e00000,0x000000fb10f00000)]
  0x0000029fb1851000 JavaThread "stdout" [_thread_in_native, id=1564, stack(0x000000fb10f00000,0x000000fb11000000)]
  0x0000029fb1851800 JavaThread "WorkerExecutor Queue Thread 10" [_thread_blocked, id=8044, stack(0x000000fb10200000,0x000000fb10300000)]

Other Threads:
  0x0000029fa5c5d800 VMThread "VM Thread" [stack: 0x000000fb0be00000,0x000000fb0bf00000] [id=8292]
  0x0000029fa5e84000 WatcherThread [stack: 0x000000fb0c800000,0x000000fb0c900000] [id=14864]
  0x0000029f88ffb000 GCTaskThread "GC Thread#0" [stack: 0x000000fb0b900000,0x000000fb0ba00000] [id=1076]
  0x0000029fa62f6000 GCTaskThread "GC Thread#1" [stack: 0x000000fb0c900000,0x000000fb0ca00000] [id=13840]
  0x0000029fa6853800 GCTaskThread "GC Thread#2" [stack: 0x000000fb0ca00000,0x000000fb0cb00000] [id=9252]
  0x0000029fa6854800 GCTaskThread "GC Thread#3" [stack: 0x000000fb0cb00000,0x000000fb0cc00000] [id=11788]
  0x0000029fa6545800 GCTaskThread "GC Thread#4" [stack: 0x000000fb0cc00000,0x000000fb0cd00000] [id=9272]
  0x0000029fa6546000 GCTaskThread "GC Thread#5" [stack: 0x000000fb0cd00000,0x000000fb0ce00000] [id=13296]
  0x0000029fa7352000 GCTaskThread "GC Thread#6" [stack: 0x000000fb0da00000,0x000000fb0db00000] [id=13904]
  0x0000029fa7d9b800 GCTaskThread "GC Thread#7" [stack: 0x000000fb0db00000,0x000000fb0dc00000] [id=4828]
  0x0000029f8902d000 ConcurrentGCThread "G1 Main Marker" [stack: 0x000000fb0ba00000,0x000000fb0bb00000] [id=9680]
  0x0000029f8902e800 ConcurrentGCThread "G1 Conc#0" [stack: 0x000000fb0bb00000,0x000000fb0bc00000] [id=8144]
  0x0000029fa6d65800 ConcurrentGCThread "G1 Conc#1" [stack: 0x000000fb0dc00000,0x000000fb0dd00000] [id=15832]
  0x0000029f890bd800 ConcurrentGCThread "G1 Refine#0" [stack: 0x000000fb0bc00000,0x000000fb0bd00000] [id=6816]
  0x0000029fb4dac000 ConcurrentGCThread "G1 Refine#1" [stack: 0x000000fb0fa00000,0x000000fb0fb00000] [id=8584]
  0x0000029fa52ae800 ConcurrentGCThread "G1 Young RemSet Sampling" [stack: 0x000000fb0bd00000,0x000000fb0be00000] [id=5356]

Threads with active compile tasks:
C2 CompilerThread01410472 29767  s!   4       jdk.internal.loader.URLClassPath::getLoader (194 bytes)
C1 CompilerThread01410472 30291       2       com.android.tools.r8.internal.Fg::T0 (5 bytes)

VM state:not at safepoint (normal execution)

VM Mutex/Monitor currently owned by a thread:  ([mutex/lock_event])
[0x0000029f88fde6f0] MethodCompileQueue_lock - owner thread: 0x0000000000000000

Heap address: 0x0000000080000000, size: 2048 MB, Compressed Oops mode: 32-bit
Narrow klass base: 0x0000000000000000, Narrow klass shift: 3
Compressed class space size: 1073741824 Address: 0x0000000100000000

Heap:
 garbage-first heap   total 312320K, used 238679K [0x0000000080000000, 0x0000000100000000)
  region size 1024K, 51 young (52224K), 2 survivors (2048K)
 Metaspace       used 187932K, capacity 194379K, committed 194560K, reserved 1218560K
  class space    used 23948K, capacity 26325K, committed 26368K, reserved 1048576K
Heap Regions: E=young(eden), S=young(survivor), O=old, HS=humongous(starts), HC=humongous(continues), CS=collection set, F=free, A=archive, TAMS=top-at-mark-start (previous, next)
|   0|0x0000000080000000, 0x0000000080100000, 0x0000000080100000|100%| O|  |TAMS 0x0000000080100000, 0x0000000080000000| Untracked 
|   1|0x0000000080100000, 0x0000000080200000, 0x0000000080200000|100%| O|  |TAMS 0x0000000080200000, 0x0000000080100000| Untracked 
|   2|0x0000000080200000, 0x0000000080300000, 0x0000000080300000|100%| O|  |TAMS 0x0000000080300000, 0x0000000080200000| Untracked 
|   3|0x0000000080300000, 0x0000000080400000, 0x0000000080400000|100%|HS|  |TAMS 0x0000000080400000, 0x0000000080300000| Complete 
|   4|0x0000000080400000, 0x0000000080500000, 0x0000000080500000|100%|HC|  |TAMS 0x0000000080500000, 0x0000000080400000| Complete 
|   5|0x0000000080500000, 0x0000000080600000, 0x0000000080600000|100%|HC|  |TAMS 0x0000000080600000, 0x0000000080500000| Complete 
|   6|0x0000000080600000, 0x0000000080700000, 0x0000000080700000|100%| O|  |TAMS 0x0000000080700000, 0x0000000080600000| Untracked 
|   7|0x0000000080700000, 0x0000000080800000, 0x0000000080800000|100%| O|  |TAMS 0x0000000080800000, 0x0000000080700000| Untracked 
|   8|0x0000000080800000, 0x0000000080900000, 0x0000000080900000|100%| O|  |TAMS 0x0000000080900000, 0x0000000080800000| Untracked 
|   9|0x0000000080900000, 0x0000000080a00000, 0x0000000080a00000|100%| O|  |TAMS 0x0000000080a00000, 0x0000000080900000| Untracked 
|  10|0x0000000080a00000, 0x0000000080b00000, 0x0000000080b00000|100%| O|  |TAMS 0x0000000080b00000, 0x0000000080a00000| Untracked 
|  11|0x0000000080b00000, 0x0000000080c00000, 0x0000000080c00000|100%| O|  |TAMS 0x0000000080c00000, 0x0000000080b00000| Untracked 
|  12|0x0000000080c00000, 0x0000000080d00000, 0x0000000080d00000|100%| O|  |TAMS 0x0000000080d00000, 0x0000000080c00000| Untracked 
|  13|0x0000000080d00000, 0x0000000080e00000, 0x0000000080e00000|100%| O|  |TAMS 0x0000000080e00000, 0x0000000080d00000| Untracked 
|  14|0x0000000080e00000, 0x0000000080f00000, 0x0000000080f00000|100%| O|  |TAMS 0x0000000080f00000, 0x0000000080e00000| Untracked 
|  15|0x0000000080f00000, 0x0000000081000000, 0x0000000081000000|100%| O|  |TAMS 0x0000000081000000, 0x0000000080f00000| Untracked 
|  16|0x0000000081000000, 0x0000000081100000, 0x0000000081100000|100%| O|  |TAMS 0x0000000081100000, 0x0000000081000000| Untracked 
|  17|0x0000000081100000, 0x0000000081200000, 0x0000000081200000|100%|HS|  |TAMS 0x0000000081200000, 0x0000000081100000| Complete 
|  18|0x0000000081200000, 0x0000000081300000, 0x0000000081300000|100%|HC|  |TAMS 0x0000000081300000, 0x0000000081200000| Complete 
|  19|0x0000000081300000, 0x0000000081400000, 0x0000000081400000|100%|HS|  |TAMS 0x0000000081400000, 0x0000000081300000| Complete 
|  20|0x0000000081400000, 0x0000000081500000, 0x0000000081500000|100%|HC|  |TAMS 0x0000000081500000, 0x0000000081400000| Complete 
|  21|0x0000000081500000, 0x0000000081600000, 0x0000000081600000|100%|HC|  |TAMS 0x0000000081600000, 0x0000000081500000| Complete 
|  22|0x0000000081600000, 0x0000000081700000, 0x0000000081700000|100%|HS|  |TAMS 0x0000000081700000, 0x0000000081600000| Complete 
|  23|0x0000000081700000, 0x0000000081800000, 0x0000000081800000|100%|HC|  |TAMS 0x0000000081800000, 0x0000000081700000| Complete 
|  24|0x0000000081800000, 0x0000000081900000, 0x0000000081900000|100%|HC|  |TAMS 0x0000000081900000, 0x0000000081800000| Complete 
|  25|0x0000000081900000, 0x0000000081a00000, 0x0000000081a00000|100%|HC|  |TAMS 0x0000000081a00000, 0x0000000081900000| Complete 
|  26|0x0000000081a00000, 0x0000000081b00000, 0x0000000081b00000|100%|HC|  |TAMS 0x0000000081b00000, 0x0000000081a00000| Complete 
|  27|0x0000000081b00000, 0x0000000081c00000, 0x0000000081c00000|100%|HS|  |TAMS 0x0000000081c00000, 0x0000000081b00000| Complete 
|  28|0x0000000081c00000, 0x0000000081d00000, 0x0000000081d00000|100%|HS|  |TAMS 0x0000000081d00000, 0x0000000081c00000| Complete 
|  29|0x0000000081d00000, 0x0000000081e00000, 0x0000000081e00000|100%|HS|  |TAMS 0x0000000081e00000, 0x0000000081d00000| Complete 
|  30|0x0000000081e00000, 0x0000000081f00000, 0x0000000081f00000|100%|HS|  |TAMS 0x0000000081f00000, 0x0000000081e00000| Complete 
|  31|0x0000000081f00000, 0x0000000082000000, 0x0000000082000000|100%|HC|  |TAMS 0x0000000082000000, 0x0000000081f00000| Complete 
|  32|0x0000000082000000, 0x0000000082100000, 0x0000000082100000|100%|HC|  |TAMS 0x0000000082100000, 0x0000000082000000| Complete 
|  33|0x0000000082100000, 0x0000000082200000, 0x0000000082200000|100%|HC|  |TAMS 0x0000000082200000, 0x0000000082100000| Complete 
|  34|0x0000000082200000, 0x0000000082300000, 0x0000000082300000|100%|HC|  |TAMS 0x0000000082300000, 0x0000000082200000| Complete 
|  35|0x0000000082300000, 0x0000000082400000, 0x0000000082400000|100%|HS|  |TAMS 0x0000000082400000, 0x0000000082300000| Complete 
|  36|0x0000000082400000, 0x0000000082500000, 0x0000000082500000|100%|HC|  |TAMS 0x0000000082500000, 0x0000000082400000| Complete 
|  37|0x0000000082500000, 0x0000000082600000, 0x0000000082600000|100%|HC|  |TAMS 0x0000000082600000, 0x0000000082500000| Complete 
|  38|0x0000000082600000, 0x0000000082700000, 0x0000000082700000|100%| O|  |TAMS 0x0000000082700000, 0x0000000082600000| Untracked 
|  39|0x0000000082700000, 0x0000000082800000, 0x0000000082800000|100%| O|  |TAMS 0x0000000082800000, 0x0000000082700000| Untracked 
|  40|0x0000000082800000, 0x0000000082900000, 0x0000000082900000|100%| O|  |TAMS 0x0000000082900000, 0x0000000082800000| Untracked 
|  41|0x0000000082900000, 0x0000000082a00000, 0x0000000082a00000|100%| O|  |TAMS 0x0000000082a00000, 0x0000000082900000| Untracked 
|  42|0x0000000082a00000, 0x0000000082b00000, 0x0000000082b00000|100%| O|  |TAMS 0x0000000082b00000, 0x0000000082a00000| Untracked 
|  43|0x0000000082b00000, 0x0000000082c00000, 0x0000000082c00000|100%| O|  |TAMS 0x0000000082c00000, 0x0000000082b00000| Untracked 
|  44|0x0000000082c00000, 0x0000000082d00000, 0x0000000082d00000|100%| O|  |TAMS 0x0000000082d00000, 0x0000000082c00000| Untracked 
|  45|0x0000000082d00000, 0x0000000082e00000, 0x0000000082e00000|100%|HS|  |TAMS 0x0000000082e00000, 0x0000000082d00000| Complete 
|  46|0x0000000082e00000, 0x0000000082f00000, 0x0000000082f00000|100%|HC|  |TAMS 0x0000000082f00000, 0x0000000082e00000| Complete 
|  47|0x0000000082f00000, 0x0000000083000000, 0x0000000083000000|100%|HC|  |TAMS 0x0000000083000000, 0x0000000082f00000| Complete 
|  48|0x0000000083000000, 0x0000000083100000, 0x0000000083100000|100%|HS|  |TAMS 0x0000000083100000, 0x0000000083000000| Complete 
|  49|0x0000000083100000, 0x0000000083200000, 0x0000000083200000|100%|HC|  |TAMS 0x0000000083200000, 0x0000000083100000| Complete 
|  50|0x0000000083200000, 0x0000000083300000, 0x0000000083300000|100%| O|  |TAMS 0x0000000083300000, 0x0000000083200000| Untracked 
|  51|0x0000000083300000, 0x0000000083400000, 0x0000000083400000|100%| O|  |TAMS 0x0000000083400000, 0x0000000083300000| Untracked 
|  52|0x0000000083400000, 0x0000000083500000, 0x0000000083500000|100%| O|  |TAMS 0x0000000083500000, 0x0000000083400000| Untracked 
|  53|0x0000000083500000, 0x0000000083600000, 0x0000000083600000|100%| O|  |TAMS 0x0000000083600000, 0x0000000083500000| Untracked 
|  54|0x0000000083600000, 0x0000000083700000, 0x0000000083700000|100%| O|  |TAMS 0x0000000083700000, 0x0000000083600000| Untracked 
|  55|0x0000000083700000, 0x0000000083800000, 0x0000000083800000|100%| O|  |TAMS 0x0000000083800000, 0x0000000083700000| Untracked 
|  56|0x0000000083800000, 0x0000000083900000, 0x0000000083900000|100%| O|  |TAMS 0x0000000083900000, 0x0000000083800000| Untracked 
|  57|0x0000000083900000, 0x0000000083a00000, 0x0000000083a00000|100%| O|  |TAMS 0x0000000083a00000, 0x0000000083900000| Untracked 
|  58|0x0000000083a00000, 0x0000000083b00000, 0x0000000083b00000|100%| O|  |TAMS 0x0000000083b00000, 0x0000000083a00000| Untracked 
|  59|0x0000000083b00000, 0x0000000083c00000, 0x0000000083c00000|100%| O|  |TAMS 0x0000000083c00000, 0x0000000083b00000| Untracked 
|  60|0x0000000083c00000, 0x0000000083d00000, 0x0000000083d00000|100%| O|  |TAMS 0x0000000083d00000, 0x0000000083c00000| Untracked 
|  61|0x0000000083d00000, 0x0000000083e00000, 0x0000000083e00000|100%| O|  |TAMS 0x0000000083e00000, 0x0000000083d00000| Untracked 
|  62|0x0000000083e00000, 0x0000000083f00000, 0x0000000083f00000|100%| O|  |TAMS 0x0000000083f00000, 0x0000000083e00000| Untracked 
|  63|0x0000000083f00000, 0x0000000084000000, 0x0000000084000000|100%| O|  |TAMS 0x0000000084000000, 0x0000000083f00000| Untracked 
|  64|0x0000000084000000, 0x0000000084100000, 0x0000000084100000|100%| O|  |TAMS 0x0000000084100000, 0x0000000084000000| Untracked 
|  65|0x0000000084100000, 0x0000000084200000, 0x0000000084200000|100%| O|  |TAMS 0x0000000084200000, 0x0000000084100000| Untracked 
|  66|0x0000000084200000, 0x0000000084300000, 0x0000000084300000|100%| O|  |TAMS 0x0000000084300000, 0x0000000084200000| Untracked 
|  67|0x0000000084300000, 0x0000000084400000, 0x0000000084400000|100%| O|  |TAMS 0x0000000084400000, 0x0000000084300000| Untracked 
|  68|0x0000000084400000, 0x0000000084500000, 0x0000000084500000|100%| O|  |TAMS 0x0000000084500000, 0x0000000084400000| Untracked 
|  69|0x0000000084500000, 0x0000000084600000, 0x0000000084600000|100%| O|  |TAMS 0x0000000084600000, 0x0000000084500000| Untracked 
|  70|0x0000000084600000, 0x0000000084700000, 0x0000000084700000|100%| O|  |TAMS 0x0000000084700000, 0x0000000084600000| Untracked 
|  71|0x0000000084700000, 0x0000000084800000, 0x0000000084800000|100%| O|  |TAMS 0x0000000084800000, 0x0000000084700000| Untracked 
|  72|0x0000000084800000, 0x0000000084900000, 0x0000000084900000|100%| O|  |TAMS 0x0000000084900000, 0x0000000084800000| Untracked 
|  73|0x0000000084900000, 0x0000000084a00000, 0x0000000084a00000|100%| O|  |TAMS 0x0000000084a00000, 0x0000000084900000| Untracked 
|  74|0x0000000084a00000, 0x0000000084b00000, 0x0000000084b00000|100%| O|  |TAMS 0x0000000084b00000, 0x0000000084a00000| Untracked 
|  75|0x0000000084b00000, 0x0000000084c00000, 0x0000000084c00000|100%| O|  |TAMS 0x0000000084c00000, 0x0000000084b00000| Untracked 
|  76|0x0000000084c00000, 0x0000000084d00000, 0x0000000084d00000|100%| O|  |TAMS 0x0000000084d00000, 0x0000000084c00000| Untracked 
|  77|0x0000000084d00000, 0x0000000084e00000, 0x0000000084e00000|100%| O|  |TAMS 0x0000000084e00000, 0x0000000084d00000| Untracked 
|  78|0x0000000084e00000, 0x0000000084f00000, 0x0000000084f00000|100%| O|  |TAMS 0x0000000084f00000, 0x0000000084e00000| Untracked 
|  79|0x0000000084f00000, 0x0000000085000000, 0x0000000085000000|100%| O|  |TAMS 0x0000000085000000, 0x0000000084f00000| Untracked 
|  80|0x0000000085000000, 0x0000000085100000, 0x0000000085100000|100%| O|  |TAMS 0x0000000085100000, 0x0000000085000000| Untracked 
|  81|0x0000000085100000, 0x0000000085200000, 0x0000000085200000|100%| O|  |TAMS 0x0000000085200000, 0x0000000085100000| Untracked 
|  82|0x0000000085200000, 0x0000000085300000, 0x0000000085300000|100%| O|  |TAMS 0x0000000085251a00, 0x0000000085200000| Untracked 
|  83|0x0000000085300000, 0x0000000085400000, 0x0000000085400000|100%| O|  |TAMS 0x0000000085400000, 0x0000000085300000| Untracked 
|  84|0x0000000085400000, 0x0000000085500000, 0x0000000085500000|100%| O|  |TAMS 0x0000000085500000, 0x0000000085400000| Untracked 
|  85|0x0000000085500000, 0x0000000085600000, 0x0000000085600000|100%| O|  |TAMS 0x0000000085600000, 0x0000000085500000| Untracked 
|  86|0x0000000085600000, 0x0000000085700000, 0x0000000085700000|100%| O|  |TAMS 0x0000000085700000, 0x0000000085600000| Untracked 
|  87|0x0000000085700000, 0x0000000085800000, 0x0000000085800000|100%| O|  |TAMS 0x0000000085800000, 0x0000000085700000| Untracked 
|  88|0x0000000085800000, 0x0000000085900000, 0x0000000085900000|100%| O|  |TAMS 0x0000000085900000, 0x0000000085800000| Untracked 
|  89|0x0000000085900000, 0x0000000085a00000, 0x0000000085a00000|100%| O|  |TAMS 0x0000000085a00000, 0x0000000085900000| Untracked 
|  90|0x0000000085a00000, 0x0000000085a00000, 0x0000000085b00000|  0%| F|  |TAMS 0x0000000085a00000, 0x0000000085a00000| Untracked 
|  91|0x0000000085b00000, 0x0000000085c00000, 0x0000000085c00000|100%| O|  |TAMS 0x0000000085c00000, 0x0000000085b00000| Untracked 
|  92|0x0000000085c00000, 0x0000000085d00000, 0x0000000085d00000|100%| O|  |TAMS 0x0000000085d00000, 0x0000000085c00000| Untracked 
|  93|0x0000000085d00000, 0x0000000085e00000, 0x0000000085e00000|100%| O|  |TAMS 0x0000000085e00000, 0x0000000085d00000| Untracked 
|  94|0x0000000085e00000, 0x0000000085f00000, 0x0000000085f00000|100%| O|  |TAMS 0x0000000085f00000, 0x0000000085e00000| Untracked 
|  95|0x0000000085f00000, 0x0000000086000000, 0x0000000086000000|100%| O|  |TAMS 0x0000000086000000, 0x0000000085f00000| Untracked 
|  96|0x0000000086000000, 0x0000000086100000, 0x0000000086100000|100%| O|  |TAMS 0x0000000086100000, 0x0000000086000000| Untracked 
|  97|0x0000000086100000, 0x0000000086200000, 0x0000000086200000|100%| O|  |TAMS 0x0000000086100000, 0x0000000086100000| Untracked 
|  98|0x0000000086200000, 0x0000000086300000, 0x0000000086300000|100%| O|  |TAMS 0x0000000086300000, 0x0000000086200000| Untracked 
|  99|0x0000000086300000, 0x0000000086400000, 0x0000000086400000|100%| O|  |TAMS 0x0000000086400000, 0x0000000086300000| Untracked 
| 100|0x0000000086400000, 0x0000000086500000, 0x0000000086500000|100%| O|  |TAMS 0x0000000086500000, 0x0000000086400000| Untracked 
| 101|0x0000000086500000, 0x0000000086600000, 0x0000000086600000|100%| O|  |TAMS 0x0000000086600000, 0x0000000086500000| Untracked 
| 102|0x0000000086600000, 0x0000000086700000, 0x0000000086700000|100%| O|  |TAMS 0x0000000086700000, 0x0000000086600000| Untracked 
| 103|0x0000000086700000, 0x0000000086800000, 0x0000000086800000|100%| O|  |TAMS 0x0000000086800000, 0x0000000086700000| Untracked 
| 104|0x0000000086800000, 0x0000000086800000, 0x0000000086900000|  0%| F|  |TAMS 0x0000000086800000, 0x0000000086800000| Untracked 
| 105|0x0000000086900000, 0x0000000086a00000, 0x0000000086a00000|100%| O|  |TAMS 0x0000000086900000, 0x0000000086900000| Untracked 
| 106|0x0000000086a00000, 0x0000000086b00000, 0x0000000086b00000|100%| O|  |TAMS 0x0000000086b00000, 0x0000000086a00000| Untracked 
| 107|0x0000000086b00000, 0x0000000086c00000, 0x0000000086c00000|100%| O|  |TAMS 0x0000000086b00000, 0x0000000086b00000| Untracked 
| 108|0x0000000086c00000, 0x0000000086d00000, 0x0000000086d00000|100%| O|  |TAMS 0x0000000086c00000, 0x0000000086c00000| Untracked 
| 109|0x0000000086d00000, 0x0000000086e00000, 0x0000000086e00000|100%| O|  |TAMS 0x0000000086e00000, 0x0000000086d00000| Untracked 
| 110|0x0000000086e00000, 0x0000000086f00000, 0x0000000086f00000|100%| O|  |TAMS 0x0000000086f00000, 0x0000000086e00000| Untracked 
| 111|0x0000000086f00000, 0x0000000087000000, 0x0000000087000000|100%| O|  |TAMS 0x0000000087000000, 0x0000000086f00000| Untracked 
| 112|0x0000000087000000, 0x0000000087100000, 0x0000000087100000|100%| O|  |TAMS 0x0000000087100000, 0x0000000087000000| Untracked 
| 113|0x0000000087100000, 0x0000000087200000, 0x0000000087200000|100%| O|  |TAMS 0x0000000087200000, 0x0000000087100000| Untracked 
| 114|0x0000000087200000, 0x0000000087300000, 0x0000000087300000|100%| O|  |TAMS 0x0000000087200000, 0x0000000087200000| Untracked 
| 115|0x0000000087300000, 0x0000000087400000, 0x0000000087400000|100%| O|  |TAMS 0x0000000087400000, 0x0000000087300000| Untracked 
| 116|0x0000000087400000, 0x0000000087500000, 0x0000000087500000|100%| O|  |TAMS 0x0000000087500000, 0x0000000087400000| Untracked 
| 117|0x0000000087500000, 0x0000000087600000, 0x0000000087600000|100%| O|  |TAMS 0x0000000087600000, 0x0000000087500000| Untracked 
| 118|0x0000000087600000, 0x0000000087700000, 0x0000000087700000|100%| O|  |TAMS 0x0000000087700000, 0x0000000087600000| Untracked 
| 119|0x0000000087700000, 0x0000000087800000, 0x0000000087800000|100%| O|  |TAMS 0x0000000087800000, 0x0000000087700000| Untracked 
| 120|0x0000000087800000, 0x0000000087900000, 0x0000000087900000|100%| O|  |TAMS 0x0000000087900000, 0x0000000087800000| Untracked 
| 121|0x0000000087900000, 0x0000000087a00000, 0x0000000087a00000|100%| O|  |TAMS 0x0000000087a00000, 0x0000000087900000| Untracked 
| 122|0x0000000087a00000, 0x0000000087b00000, 0x0000000087b00000|100%| O|  |TAMS 0x0000000087b00000, 0x0000000087a00000| Untracked 
| 123|0x0000000087b00000, 0x0000000087c00000, 0x0000000087c00000|100%| O|  |TAMS 0x0000000087c00000, 0x0000000087b00000| Untracked 
| 124|0x0000000087c00000, 0x0000000087d00000, 0x0000000087d00000|100%| O|  |TAMS 0x0000000087d00000, 0x0000000087c00000| Untracked 
| 125|0x0000000087d00000, 0x0000000087e00000, 0x0000000087e00000|100%| O|  |TAMS 0x0000000087e00000, 0x0000000087d00000| Untracked 
| 126|0x0000000087e00000, 0x0000000087f00000, 0x0000000087f00000|100%| O|  |TAMS 0x0000000087f00000, 0x0000000087e00000| Untracked 
| 127|0x0000000087f00000, 0x0000000088000000, 0x0000000088000000|100%| O|  |TAMS 0x0000000088000000, 0x0000000087f00000| Untracked 
| 128|0x0000000088000000, 0x0000000088100000, 0x0000000088100000|100%| O|  |TAMS 0x0000000088100000, 0x0000000088000000| Untracked 
| 129|0x0000000088100000, 0x0000000088100000, 0x0000000088200000|  0%| F|  |TAMS 0x0000000088100000, 0x0000000088100000| Untracked 
| 130|0x0000000088200000, 0x0000000088300000, 0x0000000088300000|100%| O|  |TAMS 0x0000000088200000, 0x0000000088200000| Untracked 
| 131|0x0000000088300000, 0x0000000088400000, 0x0000000088400000|100%| O|  |TAMS 0x0000000088400000, 0x0000000088300000| Untracked 
| 132|0x0000000088400000, 0x0000000088500000, 0x0000000088500000|100%| O|  |TAMS 0x0000000088500000, 0x0000000088400000| Untracked 
| 133|0x0000000088500000, 0x0000000088600000, 0x0000000088600000|100%| O|  |TAMS 0x0000000088500000, 0x0000000088500000| Untracked 
| 134|0x0000000088600000, 0x0000000088700000, 0x0000000088700000|100%| O|  |TAMS 0x0000000088700000, 0x0000000088600000| Untracked 
| 135|0x0000000088700000, 0x0000000088800000, 0x0000000088800000|100%| O|  |TAMS 0x0000000088800000, 0x0000000088700000| Untracked 
| 136|0x0000000088800000, 0x0000000088900000, 0x0000000088900000|100%| O|  |TAMS 0x0000000088800000, 0x0000000088800000| Untracked 
| 137|0x0000000088900000, 0x0000000088a00000, 0x0000000088a00000|100%| O|  |TAMS 0x0000000088a00000, 0x0000000088900000| Untracked 
| 138|0x0000000088a00000, 0x0000000088b00000, 0x0000000088b00000|100%| O|  |TAMS 0x0000000088b00000, 0x0000000088a00000| Untracked 
| 139|0x0000000088b00000, 0x0000000088c00000, 0x0000000088c00000|100%| O|  |TAMS 0x0000000088c00000, 0x0000000088b00000| Untracked 
| 140|0x0000000088c00000, 0x0000000088d00000, 0x0000000088d00000|100%| O|  |TAMS 0x0000000088d00000, 0x0000000088c00000| Untracked 
| 141|0x0000000088d00000, 0x0000000088e00000, 0x0000000088e00000|100%| O|  |TAMS 0x0000000088e00000, 0x0000000088d00000| Untracked 
| 142|0x0000000088e00000, 0x0000000088f00000, 0x0000000088f00000|100%| O|  |TAMS 0x0000000088f00000, 0x0000000088e00000| Untracked 
| 143|0x0000000088f00000, 0x0000000089000000, 0x0000000089000000|100%| O|  |TAMS 0x0000000089000000, 0x0000000088f00000| Untracked 
| 144|0x0000000089000000, 0x0000000089100000, 0x0000000089100000|100%| O|  |TAMS 0x0000000089100000, 0x0000000089000000| Untracked 
| 145|0x0000000089100000, 0x0000000089200000, 0x0000000089200000|100%| O|  |TAMS 0x0000000089200000, 0x0000000089100000| Untracked 
| 146|0x0000000089200000, 0x0000000089300000, 0x0000000089300000|100%| O|  |TAMS 0x0000000089300000, 0x0000000089200000| Untracked 
| 147|0x0000000089300000, 0x0000000089400000, 0x0000000089400000|100%| O|  |TAMS 0x0000000089400000, 0x0000000089300000| Untracked 
| 148|0x0000000089400000, 0x0000000089500000, 0x0000000089500000|100%| O|  |TAMS 0x0000000089500000, 0x0000000089400000| Untracked 
| 149|0x0000000089500000, 0x0000000089600000, 0x0000000089600000|100%| O|  |TAMS 0x0000000089600000, 0x0000000089500000| Untracked 
| 150|0x0000000089600000, 0x0000000089700000, 0x0000000089700000|100%| O|  |TAMS 0x0000000089700000, 0x0000000089600000| Untracked 
| 151|0x0000000089700000, 0x0000000089800000, 0x0000000089800000|100%| O|  |TAMS 0x0000000089800000, 0x0000000089700000| Untracked 
| 152|0x0000000089800000, 0x0000000089900000, 0x0000000089900000|100%| O|  |TAMS 0x0000000089900000, 0x0000000089800000| Untracked 
| 153|0x0000000089900000, 0x0000000089a00000, 0x0000000089a00000|100%| O|  |TAMS 0x0000000089a00000, 0x0000000089900000| Untracked 
| 154|0x0000000089a00000, 0x0000000089b00000, 0x0000000089b00000|100%| O|  |TAMS 0x0000000089a00000, 0x0000000089a00000| Untracked 
| 155|0x0000000089b00000, 0x0000000089c00000, 0x0000000089c00000|100%| O|  |TAMS 0x0000000089b00000, 0x0000000089b00000| Untracked 
| 156|0x0000000089c00000, 0x0000000089cb7600, 0x0000000089d00000| 71%| O|  |TAMS 0x0000000089c00000, 0x0000000089c00000| Untracked 
| 157|0x0000000089d00000, 0x0000000089d00000, 0x0000000089e00000|  0%| F|  |TAMS 0x0000000089d00000, 0x0000000089d00000| Untracked 
| 158|0x0000000089e00000, 0x0000000089e00000, 0x0000000089f00000|  0%| F|  |TAMS 0x0000000089e00000, 0x0000000089e00000| Untracked 
| 159|0x0000000089f00000, 0x0000000089f00000, 0x000000008a000000|  0%| F|  |TAMS 0x0000000089f00000, 0x0000000089f00000| Untracked 
| 160|0x000000008a000000, 0x000000008a100000, 0x000000008a100000|100%| O|  |TAMS 0x000000008a100000, 0x000000008a000000| Untracked 
| 161|0x000000008a100000, 0x000000008a100000, 0x000000008a200000|  0%| F|  |TAMS 0x000000008a100000, 0x000000008a100000| Untracked 
| 162|0x000000008a200000, 0x000000008a300000, 0x000000008a300000|100%| O|  |TAMS 0x000000008a300000, 0x000000008a200000| Untracked 
| 163|0x000000008a300000, 0x000000008a300000, 0x000000008a400000|  0%| F|  |TAMS 0x000000008a300000, 0x000000008a300000| Untracked 
| 164|0x000000008a400000, 0x000000008a400000, 0x000000008a500000|  0%| F|  |TAMS 0x000000008a400000, 0x000000008a400000| Untracked 
| 165|0x000000008a500000, 0x000000008a500000, 0x000000008a600000|  0%| F|  |TAMS 0x000000008a500000, 0x000000008a500000| Untracked 
| 166|0x000000008a600000, 0x000000008a600000, 0x000000008a700000|  0%| F|  |TAMS 0x000000008a600000, 0x000000008a600000| Untracked 
| 167|0x000000008a700000, 0x000000008a700000, 0x000000008a800000|  0%| F|  |TAMS 0x000000008a700000, 0x000000008a700000| Untracked 
| 168|0x000000008a800000, 0x000000008a800000, 0x000000008a900000|  0%| F|  |TAMS 0x000000008a800000, 0x000000008a800000| Untracked 
| 169|0x000000008a900000, 0x000000008aa00000, 0x000000008aa00000|100%| O|  |TAMS 0x000000008aa00000, 0x000000008a900000| Untracked 
| 170|0x000000008aa00000, 0x000000008ab00000, 0x000000008ab00000|100%| O|  |TAMS 0x000000008ab00000, 0x000000008aa00000| Untracked 
| 171|0x000000008ab00000, 0x000000008ac00000, 0x000000008ac00000|100%| O|  |TAMS 0x000000008ac00000, 0x000000008ab00000| Untracked 
| 172|0x000000008ac00000, 0x000000008ac00000, 0x000000008ad00000|  0%| F|  |TAMS 0x000000008ac00000, 0x000000008ac00000| Untracked 
| 173|0x000000008ad00000, 0x000000008ae00000, 0x000000008ae00000|100%| O|  |TAMS 0x000000008ae00000, 0x000000008ad00000| Untracked 
| 174|0x000000008ae00000, 0x000000008af00000, 0x000000008af00000|100%| O|  |TAMS 0x000000008af00000, 0x000000008ae00000| Untracked 
| 175|0x000000008af00000, 0x000000008af00000, 0x000000008b000000|  0%| F|  |TAMS 0x000000008af00000, 0x000000008af00000| Untracked 
| 176|0x000000008b000000, 0x000000008b000000, 0x000000008b100000|  0%| F|  |TAMS 0x000000008b000000, 0x000000008b000000| Untracked 
| 177|0x000000008b100000, 0x000000008b100000, 0x000000008b200000|  0%| F|  |TAMS 0x000000008b100000, 0x000000008b100000| Untracked 
| 178|0x000000008b200000, 0x000000008b200000, 0x000000008b300000|  0%| F|  |TAMS 0x000000008b200000, 0x000000008b200000| Untracked 
| 179|0x000000008b300000, 0x000000008b400000, 0x000000008b400000|100%| O|  |TAMS 0x000000008b400000, 0x000000008b300000| Untracked 
| 180|0x000000008b400000, 0x000000008b400000, 0x000000008b500000|  0%| F|  |TAMS 0x000000008b400000, 0x000000008b400000| Untracked 
| 181|0x000000008b500000, 0x000000008b500000, 0x000000008b600000|  0%| F|  |TAMS 0x000000008b500000, 0x000000008b500000| Untracked 
| 182|0x000000008b600000, 0x000000008b600000, 0x000000008b700000|  0%| F|  |TAMS 0x000000008b600000, 0x000000008b600000| Untracked 
| 183|0x000000008b700000, 0x000000008b800000, 0x000000008b800000|100%| O|  |TAMS 0x000000008b800000, 0x000000008b700000| Untracked 
| 184|0x000000008b800000, 0x000000008b800000, 0x000000008b900000|  0%| F|  |TAMS 0x000000008b800000, 0x000000008b800000| Untracked 
| 185|0x000000008b900000, 0x000000008ba00000, 0x000000008ba00000|100%| O|  |TAMS 0x000000008ba00000, 0x000000008b900000| Untracked 
| 186|0x000000008ba00000, 0x000000008bb00000, 0x000000008bb00000|100%| O|  |TAMS 0x000000008bb00000, 0x000000008ba00000| Untracked 
| 187|0x000000008bb00000, 0x000000008bc00000, 0x000000008bc00000|100%| O|  |TAMS 0x000000008bc00000, 0x000000008bb00000| Untracked 
| 188|0x000000008bc00000, 0x000000008bc00000, 0x000000008bd00000|  0%| F|  |TAMS 0x000000008bc00000, 0x000000008bc00000| Untracked 
| 189|0x000000008bd00000, 0x000000008bd00000, 0x000000008be00000|  0%| F|  |TAMS 0x000000008bd00000, 0x000000008bd00000| Untracked 
| 190|0x000000008be00000, 0x000000008be00000, 0x000000008bf00000|  0%| F|  |TAMS 0x000000008be00000, 0x000000008be00000| Untracked 
| 191|0x000000008bf00000, 0x000000008bf00000, 0x000000008c000000|  0%| F|  |TAMS 0x000000008bf00000, 0x000000008bf00000| Untracked 
| 192|0x000000008c000000, 0x000000008c100000, 0x000000008c100000|100%| O|  |TAMS 0x000000008c100000, 0x000000008c000000| Untracked 
| 193|0x000000008c100000, 0x000000008c200000, 0x000000008c200000|100%| O|  |TAMS 0x000000008c200000, 0x000000008c100000| Untracked 
| 194|0x000000008c200000, 0x000000008c300000, 0x000000008c300000|100%| O|  |TAMS 0x000000008c300000, 0x000000008c200000| Untracked 
| 195|0x000000008c300000, 0x000000008c400000, 0x000000008c400000|100%| O|  |TAMS 0x000000008c400000, 0x000000008c300000| Untracked 
| 196|0x000000008c400000, 0x000000008c500000, 0x000000008c500000|100%| O|  |TAMS 0x000000008c500000, 0x000000008c400000| Untracked 
| 197|0x000000008c500000, 0x000000008c600000, 0x000000008c600000|100%| O|  |TAMS 0x000000008c600000, 0x000000008c500000| Untracked 
| 198|0x000000008c600000, 0x000000008c700000, 0x000000008c700000|100%| O|  |TAMS 0x000000008c700000, 0x000000008c600000| Untracked 
| 199|0x000000008c700000, 0x000000008c800000, 0x000000008c800000|100%| O|  |TAMS 0x000000008c800000, 0x000000008c700000| Untracked 
| 200|0x000000008c800000, 0x000000008c800000, 0x000000008c900000|  0%| F|  |TAMS 0x000000008c800000, 0x000000008c800000| Untracked 
| 201|0x000000008c900000, 0x000000008ca00000, 0x000000008ca00000|100%| O|  |TAMS 0x000000008ca00000, 0x000000008c900000| Untracked 
| 202|0x000000008ca00000, 0x000000008cb00000, 0x000000008cb00000|100%| O|  |TAMS 0x000000008cb00000, 0x000000008ca00000| Untracked 
| 203|0x000000008cb00000, 0x000000008cc00000, 0x000000008cc00000|100%| O|  |TAMS 0x000000008cc00000, 0x000000008cb00000| Untracked 
| 204|0x000000008cc00000, 0x000000008cd00000, 0x000000008cd00000|100%| O|  |TAMS 0x000000008cd00000, 0x000000008cc00000| Untracked 
| 205|0x000000008cd00000, 0x000000008ce00000, 0x000000008ce00000|100%| O|  |TAMS 0x000000008ce00000, 0x000000008cd00000| Untracked 
| 206|0x000000008ce00000, 0x000000008cf00000, 0x000000008cf00000|100%| O|  |TAMS 0x000000008cf00000, 0x000000008ce00000| Untracked 
| 207|0x000000008cf00000, 0x000000008cf00000, 0x000000008d000000|  0%| F|  |TAMS 0x000000008cf00000, 0x000000008cf00000| Untracked 
| 208|0x000000008d000000, 0x000000008d000000, 0x000000008d100000|  0%| F|  |TAMS 0x000000008d000000, 0x000000008d000000| Untracked 
| 209|0x000000008d100000, 0x000000008d100000, 0x000000008d200000|  0%| F|  |TAMS 0x000000008d100000, 0x000000008d100000| Untracked 
| 210|0x000000008d200000, 0x000000008d200000, 0x000000008d300000|  0%| F|  |TAMS 0x000000008d200000, 0x000000008d200000| Untracked 
| 211|0x000000008d300000, 0x000000008d300000, 0x000000008d400000|  0%| F|  |TAMS 0x000000008d300000, 0x000000008d300000| Untracked 
| 212|0x000000008d400000, 0x000000008d400000, 0x000000008d500000|  0%| F|  |TAMS 0x000000008d400000, 0x000000008d400000| Untracked 
| 213|0x000000008d500000, 0x000000008d500000, 0x000000008d600000|  0%| F|  |TAMS 0x000000008d500000, 0x000000008d500000| Untracked 
| 214|0x000000008d600000, 0x000000008d600000, 0x000000008d700000|  0%| F|  |TAMS 0x000000008d600000, 0x000000008d600000| Untracked 
| 215|0x000000008d700000, 0x000000008d700000, 0x000000008d800000|  0%| F|  |TAMS 0x000000008d700000, 0x000000008d700000| Untracked 
| 216|0x000000008d800000, 0x000000008d900000, 0x000000008d900000|100%| O|  |TAMS 0x000000008d900000, 0x000000008d800000| Untracked 
| 217|0x000000008d900000, 0x000000008da00000, 0x000000008da00000|100%| O|  |TAMS 0x000000008da00000, 0x000000008d900000| Untracked 
| 218|0x000000008da00000, 0x000000008db00000, 0x000000008db00000|100%| O|  |TAMS 0x000000008db00000, 0x000000008da00000| Untracked 
| 219|0x000000008db00000, 0x000000008dc00000, 0x000000008dc00000|100%| O|  |TAMS 0x000000008dc00000, 0x000000008db00000| Untracked 
| 220|0x000000008dc00000, 0x000000008dd00000, 0x000000008dd00000|100%| O|  |TAMS 0x000000008dd00000, 0x000000008dc00000| Untracked 
| 221|0x000000008dd00000, 0x000000008dd00000, 0x000000008de00000|  0%| F|  |TAMS 0x000000008dd00000, 0x000000008dd00000| Untracked 
| 222|0x000000008de00000, 0x000000008de00000, 0x000000008df00000|  0%| F|  |TAMS 0x000000008de00000, 0x000000008de00000| Untracked 
| 223|0x000000008df00000, 0x000000008df00000, 0x000000008e000000|  0%| F|  |TAMS 0x000000008df00000, 0x000000008df00000| Untracked 
| 224|0x000000008e000000, 0x000000008e000000, 0x000000008e100000|  0%| F|  |TAMS 0x000000008e000000, 0x000000008e000000| Untracked 
| 225|0x000000008e100000, 0x000000008e100000, 0x000000008e200000|  0%| F|  |TAMS 0x000000008e100000, 0x000000008e100000| Untracked 
| 226|0x000000008e200000, 0x000000008e200000, 0x000000008e300000|  0%| F|  |TAMS 0x000000008e200000, 0x000000008e200000| Untracked 
| 227|0x000000008e300000, 0x000000008e300000, 0x000000008e400000|  0%| F|  |TAMS 0x000000008e300000, 0x000000008e300000| Untracked 
| 228|0x000000008e400000, 0x000000008e400000, 0x000000008e500000|  0%| F|  |TAMS 0x000000008e400000, 0x000000008e400000| Untracked 
| 229|0x000000008e500000, 0x000000008e500000, 0x000000008e600000|  0%| F|  |TAMS 0x000000008e500000, 0x000000008e500000| Untracked 
| 230|0x000000008e600000, 0x000000008e600000, 0x000000008e700000|  0%| F|  |TAMS 0x000000008e600000, 0x000000008e600000| Untracked 
| 231|0x000000008e700000, 0x000000008e700000, 0x000000008e800000|  0%| F|  |TAMS 0x000000008e700000, 0x000000008e700000| Untracked 
| 232|0x000000008e800000, 0x000000008e800000, 0x000000008e900000|  0%| F|  |TAMS 0x000000008e800000, 0x000000008e800000| Untracked 
| 233|0x000000008e900000, 0x000000008e900000, 0x000000008ea00000|  0%| F|  |TAMS 0x000000008e900000, 0x000000008e900000| Untracked 
| 234|0x000000008ea00000, 0x000000008ea00000, 0x000000008eb00000|  0%| F|  |TAMS 0x000000008ea00000, 0x000000008ea00000| Untracked 
| 235|0x000000008eb00000, 0x000000008eb00000, 0x000000008ec00000|  0%| F|  |TAMS 0x000000008eb00000, 0x000000008eb00000| Untracked 
| 236|0x000000008ec00000, 0x000000008ec00000, 0x000000008ed00000|  0%| F|  |TAMS 0x000000008ec00000, 0x000000008ec00000| Untracked 
| 237|0x000000008ed00000, 0x000000008ed00000, 0x000000008ee00000|  0%| F|  |TAMS 0x000000008ed00000, 0x000000008ed00000| Untracked 
| 238|0x000000008ee00000, 0x000000008ee00000, 0x000000008ef00000|  0%| F|  |TAMS 0x000000008ee00000, 0x000000008ee00000| Untracked 
| 239|0x000000008ef00000, 0x000000008ef00000, 0x000000008f000000|  0%| F|  |TAMS 0x000000008ef00000, 0x000000008ef00000| Untracked 
| 240|0x000000008f000000, 0x000000008f000000, 0x000000008f100000|  0%| F|  |TAMS 0x000000008f000000, 0x000000008f000000| Untracked 
| 241|0x000000008f100000, 0x000000008f100000, 0x000000008f200000|  0%| F|  |TAMS 0x000000008f100000, 0x000000008f100000| Untracked 
| 242|0x000000008f200000, 0x000000008f200000, 0x000000008f300000|  0%| F|  |TAMS 0x000000008f200000, 0x000000008f200000| Untracked 
| 243|0x000000008f300000, 0x000000008f300000, 0x000000008f400000|  0%| F|  |TAMS 0x000000008f300000, 0x000000008f300000| Untracked 
| 244|0x000000008f400000, 0x000000008f400000, 0x000000008f500000|  0%| F|  |TAMS 0x000000008f400000, 0x000000008f400000| Untracked 
| 245|0x000000008f500000, 0x000000008f500000, 0x000000008f600000|  0%| F|  |TAMS 0x000000008f500000, 0x000000008f500000| Untracked 
| 246|0x000000008f600000, 0x000000008f600000, 0x000000008f700000|  0%| F|  |TAMS 0x000000008f600000, 0x000000008f600000| Untracked 
| 247|0x000000008f700000, 0x000000008f700000, 0x000000008f800000|  0%| F|  |TAMS 0x000000008f700000, 0x000000008f700000| Untracked 
| 248|0x000000008f800000, 0x000000008f800000, 0x000000008f900000|  0%| F|  |TAMS 0x000000008f800000, 0x000000008f800000| Untracked 
| 249|0x000000008f900000, 0x000000008f900000, 0x000000008fa00000|  0%| F|  |TAMS 0x000000008f900000, 0x000000008f900000| Untracked 
| 250|0x000000008fa00000, 0x000000008fa00000, 0x000000008fb00000|  0%| F|  |TAMS 0x000000008fa00000, 0x000000008fa00000| Untracked 
| 251|0x000000008fb00000, 0x000000008fb00000, 0x000000008fc00000|  0%| F|  |TAMS 0x000000008fb00000, 0x000000008fb00000| Untracked 
| 252|0x000000008fc00000, 0x000000008fc00000, 0x000000008fd00000|  0%| F|  |TAMS 0x000000008fc00000, 0x000000008fc00000| Untracked 
| 253|0x000000008fd00000, 0x000000008fe00000, 0x000000008fe00000|100%| E|  |TAMS 0x000000008fd00000, 0x000000008fd00000| Complete 
| 254|0x000000008fe00000, 0x000000008ff00000, 0x000000008ff00000|100%| E|CS|TAMS 0x000000008fe00000, 0x000000008fe00000| Complete 
| 255|0x000000008ff00000, 0x0000000090000000, 0x0000000090000000|100%| E|CS|TAMS 0x000000008ff00000, 0x000000008ff00000| Complete 
| 256|0x0000000090000000, 0x0000000090100000, 0x0000000090100000|100%| E|CS|TAMS 0x0000000090000000, 0x0000000090000000| Complete 
| 257|0x0000000090100000, 0x0000000090200000, 0x0000000090200000|100%| E|CS|TAMS 0x0000000090100000, 0x0000000090100000| Complete 
| 258|0x0000000090200000, 0x0000000090300000, 0x0000000090300000|100%| E|CS|TAMS 0x0000000090200000, 0x0000000090200000| Complete 
| 259|0x0000000090300000, 0x0000000090400000, 0x0000000090400000|100%| E|CS|TAMS 0x0000000090300000, 0x0000000090300000| Complete 
| 260|0x0000000090400000, 0x0000000090500000, 0x0000000090500000|100%| E|CS|TAMS 0x0000000090400000, 0x0000000090400000| Complete 
| 261|0x0000000090500000, 0x0000000090600000, 0x0000000090600000|100%| E|CS|TAMS 0x0000000090500000, 0x0000000090500000| Complete 
| 262|0x0000000090600000, 0x0000000090700000, 0x0000000090700000|100%| E|CS|TAMS 0x0000000090600000, 0x0000000090600000| Complete 
| 263|0x0000000090700000, 0x0000000090800000, 0x0000000090800000|100%| E|CS|TAMS 0x0000000090700000, 0x0000000090700000| Complete 
| 264|0x0000000090800000, 0x0000000090900000, 0x0000000090900000|100%| E|CS|TAMS 0x0000000090800000, 0x0000000090800000| Complete 
| 265|0x0000000090900000, 0x0000000090a00000, 0x0000000090a00000|100%| E|CS|TAMS 0x0000000090900000, 0x0000000090900000| Complete 
| 266|0x0000000090a00000, 0x0000000090b00000, 0x0000000090b00000|100%| E|CS|TAMS 0x0000000090a00000, 0x0000000090a00000| Complete 
| 267|0x0000000090b00000, 0x0000000090c00000, 0x0000000090c00000|100%| E|CS|TAMS 0x0000000090b00000, 0x0000000090b00000| Complete 
| 268|0x0000000090c00000, 0x0000000090d00000, 0x0000000090d00000|100%| E|CS|TAMS 0x0000000090c00000, 0x0000000090c00000| Complete 
| 269|0x0000000090d00000, 0x0000000090e00000, 0x0000000090e00000|100%| E|CS|TAMS 0x0000000090d00000, 0x0000000090d00000| Complete 
| 270|0x0000000090e00000, 0x0000000090f00000, 0x0000000090f00000|100%| E|CS|TAMS 0x0000000090e00000, 0x0000000090e00000| Complete 
| 271|0x0000000090f00000, 0x0000000091000000, 0x0000000091000000|100%| E|CS|TAMS 0x0000000090f00000, 0x0000000090f00000| Complete 
| 272|0x0000000091000000, 0x0000000091100000, 0x0000000091100000|100%| E|CS|TAMS 0x0000000091000000, 0x0000000091000000| Complete 
| 273|0x0000000091100000, 0x0000000091200000, 0x0000000091200000|100%| E|CS|TAMS 0x0000000091100000, 0x0000000091100000| Complete 
| 274|0x0000000091200000, 0x0000000091300000, 0x0000000091300000|100%| E|CS|TAMS 0x0000000091200000, 0x0000000091200000| Complete 
| 275|0x0000000091300000, 0x0000000091400000, 0x0000000091400000|100%| E|CS|TAMS 0x0000000091300000, 0x0000000091300000| Complete 
| 276|0x0000000091400000, 0x0000000091500000, 0x0000000091500000|100%| E|CS|TAMS 0x0000000091400000, 0x0000000091400000| Complete 
| 277|0x0000000091500000, 0x0000000091600000, 0x0000000091600000|100%| E|CS|TAMS 0x0000000091500000, 0x0000000091500000| Complete 
| 278|0x0000000091600000, 0x0000000091700000, 0x0000000091700000|100%| E|CS|TAMS 0x0000000091600000, 0x0000000091600000| Complete 
| 279|0x0000000091700000, 0x0000000091800000, 0x0000000091800000|100%| E|  |TAMS 0x0000000091700000, 0x0000000091700000| Complete 
| 280|0x0000000091800000, 0x0000000091900000, 0x0000000091900000|100%| E|CS|TAMS 0x0000000091800000, 0x0000000091800000| Complete 
| 281|0x0000000091900000, 0x0000000091a00000, 0x0000000091a00000|100%| E|CS|TAMS 0x0000000091900000, 0x0000000091900000| Complete 
| 282|0x0000000091a00000, 0x0000000091b00000, 0x0000000091b00000|100%| E|CS|TAMS 0x0000000091a00000, 0x0000000091a00000| Complete 
| 283|0x0000000091b00000, 0x0000000091c00000, 0x0000000091c00000|100%| E|CS|TAMS 0x0000000091b00000, 0x0000000091b00000| Complete 
| 284|0x0000000091c00000, 0x0000000091d00000, 0x0000000091d00000|100%| E|CS|TAMS 0x0000000091c00000, 0x0000000091c00000| Complete 
| 285|0x0000000091d00000, 0x0000000091e00000, 0x0000000091e00000|100%| E|CS|TAMS 0x0000000091d00000, 0x0000000091d00000| Complete 
| 286|0x0000000091e00000, 0x0000000091f00000, 0x0000000091f00000|100%| E|CS|TAMS 0x0000000091e00000, 0x0000000091e00000| Complete 
| 287|0x0000000091f00000, 0x0000000092000000, 0x0000000092000000|100%| E|CS|TAMS 0x0000000091f00000, 0x0000000091f00000| Complete 
| 288|0x0000000092000000, 0x0000000092100000, 0x0000000092100000|100%| E|CS|TAMS 0x0000000092000000, 0x0000000092000000| Complete 
| 289|0x0000000092100000, 0x0000000092200000, 0x0000000092200000|100%| E|CS|TAMS 0x0000000092100000, 0x0000000092100000| Complete 
| 290|0x0000000092200000, 0x0000000092300000, 0x0000000092300000|100%| E|CS|TAMS 0x0000000092200000, 0x0000000092200000| Complete 
| 291|0x0000000092300000, 0x0000000092400000, 0x0000000092400000|100%| E|CS|TAMS 0x0000000092300000, 0x0000000092300000| Complete 
| 292|0x0000000092400000, 0x0000000092500000, 0x0000000092500000|100%| E|CS|TAMS 0x0000000092400000, 0x0000000092400000| Complete 
| 293|0x0000000092500000, 0x0000000092600000, 0x0000000092600000|100%| E|CS|TAMS 0x0000000092500000, 0x0000000092500000| Complete 
| 294|0x0000000092600000, 0x0000000092700000, 0x0000000092700000|100%| E|CS|TAMS 0x0000000092600000, 0x0000000092600000| Complete 
| 295|0x0000000092700000, 0x0000000092800000, 0x0000000092800000|100%| E|CS|TAMS 0x0000000092700000, 0x0000000092700000| Complete 
| 296|0x0000000092800000, 0x0000000092900000, 0x0000000092900000|100%| E|CS|TAMS 0x0000000092800000, 0x0000000092800000| Complete 
| 297|0x0000000092900000, 0x0000000092a00000, 0x0000000092a00000|100%| E|CS|TAMS 0x0000000092900000, 0x0000000092900000| Complete 
| 298|0x0000000092a00000, 0x0000000092a5e720, 0x0000000092b00000| 36%| S|CS|TAMS 0x0000000092a00000, 0x0000000092a00000| Complete 
| 299|0x0000000092b00000, 0x0000000092c00000, 0x0000000092c00000|100%| S|CS|TAMS 0x0000000092b00000, 0x0000000092b00000| Complete 
| 300|0x0000000092c00000, 0x0000000092d00000, 0x0000000092d00000|100%| E|CS|TAMS 0x0000000092c00000, 0x0000000092c00000| Complete 
| 301|0x0000000092d00000, 0x0000000092e00000, 0x0000000092e00000|100%| E|CS|TAMS 0x0000000092d00000, 0x0000000092d00000| Complete 
| 302|0x0000000092e00000, 0x0000000092f00000, 0x0000000092f00000|100%| E|CS|TAMS 0x0000000092e00000, 0x0000000092e00000| Complete 
| 303|0x0000000092f00000, 0x0000000093000000, 0x0000000093000000|100%| E|CS|TAMS 0x0000000092f00000, 0x0000000092f00000| Complete 
| 304|0x0000000093000000, 0x0000000093100000, 0x0000000093100000|100%| E|CS|TAMS 0x0000000093000000, 0x0000000093000000| Complete 

Card table byte_map: [0x0000029f9e110000,0x0000029f9e510000] _byte_map_base: 0x0000029f9dd10000

Marking Bits (Prev, Next): (CMBitMap*) 0x0000029f890242d0, (CMBitMap*) 0x0000029f89024298
 Prev Bits: [0x0000029fa0910000, 0x0000029fa2910000)
 Next Bits: [0x0000029f9e910000, 0x0000029fa0910000)

Polling page: 0x0000029f890c0000

Metaspace:

Usage:
  Non-class:    164.20 MB capacity,   160.23 MB ( 98%) used,     3.34 MB (  2%) free+waste,   650.56 KB ( <1%) overhead. 
      Class:     25.75 MB capacity,    23.41 MB ( 91%) used,     2.04 MB (  8%) free+waste,   304.81 KB (  1%) overhead. 
       Both:    189.95 MB capacity,   183.64 MB ( 97%) used,     5.38 MB (  3%) free+waste,   955.38 KB ( <1%) overhead. 

Virtual space:
  Non-class space:      166.00 MB reserved,     164.25 MB ( 99%) committed 
      Class space:        1.00 GB reserved,      25.88 MB (  3%) committed 
             Both:        1.16 GB reserved,     190.13 MB ( 16%) committed 

Chunk freelists:
   Non-Class:  0 bytes
       Class:  0 bytes
        Both:  0 bytes

MaxMetaspaceSize: 17179869184.00 GB
CompressedClassSpaceSize: 1.00 GB

CodeHeap 'non-profiled nmethods': size=120000Kb used=19115Kb max_used=19742Kb free=100884Kb
 bounds [0x0000029f95d80000, 0x0000029f970d0000, 0x0000029f9d2b0000]
CodeHeap 'profiled nmethods': size=120000Kb used=54287Kb max_used=54287Kb free=65712Kb
 bounds [0x0000029f8e850000, 0x0000029f91d90000, 0x0000029f95d80000]
CodeHeap 'non-nmethods': size=5760Kb used=2399Kb max_used=2466Kb free=3360Kb
 bounds [0x0000029f8e2b0000, 0x0000029f8e530000, 0x0000029f8e850000]
 total_blobs=26429 nmethods=25392 adapters=947
 compilation: enabled
              stopped_count=0, restarted_count=0
 full_count=0

Compilation events (20 events):
Event: 1410.340 Thread 0x0000029fa5cf3000 nmethod 29932 0x0000029f91d27190 code [0x0000029f91d27340, 0x0000029f91d27478]
Event: 1410.340 Thread 0x0000029fa5cf3000 29934       2       com.android.tools.r8.ir.regalloc.b::c (53 bytes)
Event: 1410.340 Thread 0x0000029fa5cf3000 nmethod 29934 0x0000029f91d27510 code [0x0000029f91d276e0, 0x0000029f91d27878]
Event: 1410.340 Thread 0x0000029fa5cf3000 29935       1       com.android.tools.r8.ir.regalloc.b::e (5 bytes)
Event: 1410.340 Thread 0x0000029fa5cf3000 nmethod 29935 0x0000029f96911610 code [0x0000029f969117c0, 0x0000029f96911878]
Event: 1410.341 Thread 0x0000029fa5cf3000 29936       2       com.android.tools.r8.internal.NG::D (13 bytes)
Event: 1410.342 Thread 0x0000029fa5cf3000 nmethod 29936 0x0000029f91d27990 code [0x0000029f91d27b40, 0x0000029f91d27c78]
Event: 1410.342 Thread 0x0000029fa5cf3000 29937       2       com.android.tools.r8.ir.regalloc.a::a (101 bytes)
Event: 1410.343 Thread 0x0000029fa5cf3000 nmethod 29937 0x0000029f91d27d90 code [0x0000029f91d27f60, 0x0000029f91d28118]
Event: 1410.343 Thread 0x0000029fa5cf3000 29938       2       com.android.tools.r8.internal.zh::a (173 bytes)
Event: 1410.343 Thread 0x0000029fa5cf3000 nmethod 29938 0x0000029f91d28290 code [0x0000029f91d284c0, 0x0000029f91d289f8]
Event: 1410.343 Thread 0x0000029fa5cf3000 29939       2       com.android.tools.r8.internal.Lg::f (30 bytes)
Event: 1410.344 Thread 0x0000029fa5cf3000 nmethod 29939 0x0000029f91d28d10 code [0x0000029f91d28ee0, 0x0000029f91d290c8]
Event: 1410.344 Thread 0x0000029fa5cf3000 29941       2       com.android.tools.r8.internal.Fg::d (29 bytes)
Event: 1410.344 Thread 0x0000029fa5cf3000 nmethod 29941 0x0000029f91d29210 code [0x0000029f91d293c0, 0x0000029f91d294b8]
Event: 1410.344 Thread 0x0000029fa5cf3000 29942       2       com.android.tools.r8.internal.fk::a0 (2 bytes)
Event: 1410.344 Thread 0x0000029fa5cf3000 nmethod 29942 0x0000029f91d29590 code [0x0000029f91d29740, 0x0000029f91d29838]
Event: 1410.344 Thread 0x0000029fa5cf3000 29940       1       com.android.tools.r8.internal.zh::size (5 bytes)
Event: 1410.344 Thread 0x0000029fa5cf3000 nmethod 29940 0x0000029f96911310 code [0x0000029f969114c0, 0x0000029f96911578]
Event: 1410.344 Thread 0x0000029fa5cf3000 29944   !   2       java.lang.invoke.DirectMethodHandle::makePreparedLambdaForm (787 bytes)

GC Heap History (20 events):
Event: 1401.213 GC heap before
{Heap before GC invocations=114 (full 0):
 garbage-first heap   total 312320K, used 270190K [0x0000000080000000, 0x0000000100000000)
  region size 1024K, 53 young (54272K), 1 survivors (1024K)
 Metaspace       used 173979K, capacity 179487K, committed 179712K, reserved 1204224K
  class space    used 21996K, capacity 23965K, committed 24064K, reserved 1048576K
}
Event: 1401.222 GC heap after
{Heap after GC invocations=115 (full 0):
 garbage-first heap   total 312320K, used 207056K [0x0000000080000000, 0x0000000100000000)
  region size 1024K, 5 young (5120K), 5 survivors (5120K)
 Metaspace       used 173979K, capacity 179487K, committed 179712K, reserved 1204224K
  class space    used 21996K, capacity 23965K, committed 24064K, reserved 1048576K
}
Event: 1401.549 GC heap before
{Heap before GC invocations=115 (full 0):
 garbage-first heap   total 312320K, used 258256K [0x0000000080000000, 0x0000000100000000)
  region size 1024K, 56 young (57344K), 5 survivors (5120K)
 Metaspace       used 175784K, capacity 181311K, committed 181632K, reserved 1206272K
  class space    used 22139K, capacity 24125K, committed 24192K, reserved 1048576K
}
Event: 1401.558 GC heap after
{Heap after GC invocations=116 (full 0):
 garbage-first heap   total 312320K, used 211671K [0x0000000080000000, 0x0000000100000000)
  region size 1024K, 5 young (5120K), 5 survivors (5120K)
 Metaspace       used 175784K, capacity 181311K, committed 181632K, reserved 1206272K
  class space    used 22139K, capacity 24125K, committed 24192K, reserved 1048576K
}
Event: 1401.868 GC heap before
{Heap before GC invocations=116 (full 0):
 garbage-first heap   total 312320K, used 261847K [0x0000000080000000, 0x0000000100000000)
  region size 1024K, 55 young (56320K), 5 survivors (5120K)
 Metaspace       used 176576K, capacity 182051K, committed 182144K, reserved 1208320K
  class space    used 22198K, capacity 24158K, committed 24192K, reserved 1048576K
}
Event: 1401.874 GC heap after
{Heap after GC invocations=117 (full 0):
 garbage-first heap   total 312320K, used 210538K [0x0000000080000000, 0x0000000100000000)
  region size 1024K, 1 young (1024K), 1 survivors (1024K)
 Metaspace       used 176576K, capacity 182051K, committed 182144K, reserved 1208320K
  class space    used 22198K, capacity 24158K, committed 24192K, reserved 1048576K
}
Event: 1402.856 GC heap before
{Heap before GC invocations=118 (full 0):
 garbage-first heap   total 312320K, used 247808K [0x0000000080000000, 0x0000000100000000)
  region size 1024K, 53 young (54272K), 1 survivors (1024K)
 Metaspace       used 178256K, capacity 183779K, committed 183936K, reserved 1208320K
  class space    used 22382K, capacity 24344K, committed 24448K, reserved 1048576K
}
Event: 1402.861 GC heap after
{Heap after GC invocations=119 (full 0):
 garbage-first heap   total 312320K, used 195695K [0x0000000080000000, 0x0000000100000000)
  region size 1024K, 3 young (3072K), 3 survivors (3072K)
 Metaspace       used 178256K, capacity 183779K, committed 183936K, reserved 1208320K
  class space    used 22382K, capacity 24344K, committed 24448K, reserved 1048576K
}
Event: 1403.001 GC heap before
{Heap before GC invocations=119 (full 0):
 garbage-first heap   total 312320K, used 206959K [0x0000000080000000, 0x0000000100000000)
  region size 1024K, 15 young (15360K), 3 survivors (3072K)
 Metaspace       used 178595K, capacity 184143K, committed 184448K, reserved 1210368K
  class space    used 22410K, capacity 24379K, committed 24448K, reserved 1048576K
}
Event: 1403.008 GC heap after
{Heap after GC invocations=120 (full 0):
 garbage-first heap   total 312320K, used 180715K [0x0000000080000000, 0x0000000100000000)
  region size 1024K, 2 young (2048K), 2 survivors (2048K)
 Metaspace       used 178595K, capacity 184143K, committed 184448K, reserved 1210368K
  class space    used 22410K, capacity 24379K, committed 24448K, reserved 1048576K
}
Event: 1404.494 GC heap before
{Heap before GC invocations=120 (full 0):
 garbage-first heap   total 312320K, used 247275K [0x0000000080000000, 0x0000000100000000)
  region size 1024K, 68 young (69632K), 2 survivors (2048K)
 Metaspace       used 178925K, capacity 184575K, committed 184832K, reserved 1210368K
  class space    used 22450K, capacity 24455K, committed 24576K, reserved 1048576K
}
Event: 1404.500 GC heap after
{Heap after GC invocations=121 (full 0):
 garbage-first heap   total 312320K, used 183244K [0x0000000080000000, 0x0000000100000000)
  region size 1024K, 5 young (5120K), 5 survivors (5120K)
 Metaspace       used 178925K, capacity 184575K, committed 184832K, reserved 1210368K
  class space    used 22450K, capacity 24455K, committed 24576K, reserved 1048576K
}
Event: 1405.353 GC heap before
{Heap before GC invocations=121 (full 0):
 garbage-first heap   total 312320K, used 250828K [0x0000000080000000, 0x0000000100000000)
  region size 1024K, 72 young (73728K), 5 survivors (5120K)
 Metaspace       used 179021K, capacity 184674K, committed 184832K, reserved 1210368K
  class space    used 22460K, capacity 24461K, committed 24576K, reserved 1048576K
}
Event: 1405.360 GC heap after
{Heap after GC invocations=122 (full 0):
 garbage-first heap   total 312320K, used 184572K [0x0000000080000000, 0x0000000100000000)
  region size 1024K, 6 young (6144K), 6 survivors (6144K)
 Metaspace       used 179021K, capacity 184674K, committed 184832K, reserved 1210368K
  class space    used 22460K, capacity 24461K, committed 24576K, reserved 1048576K
}
Event: 1407.724 GC heap before
{Heap before GC invocations=122 (full 0):
 garbage-first heap   total 312320K, used 254204K [0x0000000080000000, 0x0000000100000000)
  region size 1024K, 75 young (76800K), 6 survivors (6144K)
 Metaspace       used 179842K, capacity 185546K, committed 185728K, reserved 1210368K
  class space    used 22527K, capacity 24579K, committed 24704K, reserved 1048576K
}
Event: 1407.732 GC heap after
{Heap after GC invocations=123 (full 0):
 garbage-first heap   total 312320K, used 187060K [0x0000000080000000, 0x0000000100000000)
  region size 1024K, 7 young (7168K), 7 survivors (7168K)
 Metaspace       used 179842K, capacity 185546K, committed 185728K, reserved 1210368K
  class space    used 22527K, capacity 24579K, committed 24704K, reserved 1048576K
}
Event: 1409.836 GC heap before
{Heap before GC invocations=124 (full 0):
 garbage-first heap   total 312320K, used 256692K [0x0000000080000000, 0x0000000100000000)
  region size 1024K, 76 young (77824K), 7 survivors (7168K)
 Metaspace       used 181079K, capacity 186853K, committed 187136K, reserved 1212416K
  class space    used 22691K, capacity 24776K, committed 24832K, reserved 1048576K
}
Event: 1409.848 GC heap after
{Heap after GC invocations=125 (full 0):
 garbage-first heap   total 312320K, used 191860K [0x0000000080000000, 0x0000000100000000)
  region size 1024K, 10 young (10240K), 10 survivors (10240K)
 Metaspace       used 181079K, capacity 186853K, committed 187136K, reserved 1212416K
  class space    used 22691K, capacity 24776K, committed 24832K, reserved 1048576K
}
Event: 1409.906 GC heap before
{Heap before GC invocations=125 (full 0):
 garbage-first heap   total 312320K, used 196980K [0x0000000080000000, 0x0000000100000000)
  region size 1024K, 15 young (15360K), 10 survivors (10240K)
 Metaspace       used 181721K, capacity 187573K, committed 187776K, reserved 1212416K
  class space    used 22795K, capacity 24914K, committed 24960K, reserved 1048576K
}
Event: 1409.919 GC heap after
{Heap after GC invocations=126 (full 0):
 garbage-first heap   total 312320K, used 190551K [0x0000000080000000, 0x0000000100000000)
  region size 1024K, 2 young (2048K), 2 survivors (2048K)
 Metaspace       used 181721K, capacity 187573K, committed 187776K, reserved 1212416K
  class space    used 22795K, capacity 24914K, committed 24960K, reserved 1048576K
}

Deoptimization events (20 events):
Event: 1410.031 Thread 0x0000029fae256800 DEOPT PACKING pc=0x0000029f967644a0 sp=0x000000fb0eefa0d0
Event: 1410.031 Thread 0x0000029fae256800 DEOPT UNPACKING pc=0x0000029f8e2d78af sp=0x000000fb0eefa078 mode 2
Event: 1410.067 Thread 0x0000029fa6567800 Uncommon trap: trap_request=0xffffffde fr.pc=0x0000029f960e4bb8 relative=0x0000000000000538
Event: 1410.067 Thread 0x0000029fa6567800 Uncommon trap: reason=class_check action=maybe_recompile pc=0x0000029f960e4bb8 method=java.io.BufferedOutputStream.write([BII)V @ 20 c2
Event: 1410.067 Thread 0x0000029fa6567800 DEOPT PACKING pc=0x0000029f960e4bb8 sp=0x000000fb101fdb40
Event: 1410.067 Thread 0x0000029fa6567800 DEOPT UNPACKING pc=0x0000029f8e2d78af sp=0x000000fb101fdad8 mode 2
Event: 1410.067 Thread 0x0000029fa6567800 Uncommon trap: trap_request=0xffffffde fr.pc=0x0000029f960e4bb8 relative=0x0000000000000538
Event: 1410.067 Thread 0x0000029fa6567800 Uncommon trap: reason=class_check action=maybe_recompile pc=0x0000029f960e4bb8 method=java.io.BufferedOutputStream.write([BII)V @ 20 c2
Event: 1410.067 Thread 0x0000029fa6567800 DEOPT PACKING pc=0x0000029f960e4bb8 sp=0x000000fb101fdb40
Event: 1410.067 Thread 0x0000029fa6567800 DEOPT UNPACKING pc=0x0000029f8e2d78af sp=0x000000fb101fdad8 mode 2
Event: 1410.067 Thread 0x0000029fa6567800 Uncommon trap: trap_request=0xffffffde fr.pc=0x0000029f960e4bb8 relative=0x0000000000000538
Event: 1410.067 Thread 0x0000029fa6567800 Uncommon trap: reason=class_check action=maybe_recompile pc=0x0000029f960e4bb8 method=java.io.BufferedOutputStream.write([BII)V @ 20 c2
Event: 1410.067 Thread 0x0000029fa6567800 DEOPT PACKING pc=0x0000029f960e4bb8 sp=0x000000fb101fdb40
Event: 1410.067 Thread 0x0000029fa6567800 DEOPT UNPACKING pc=0x0000029f8e2d78af sp=0x000000fb101fdad8 mode 2
Event: 1410.143 Thread 0x0000029fae256800 DEOPT PACKING pc=0x0000029f91ccf8e8 sp=0x000000fb0eef9490
Event: 1410.143 Thread 0x0000029fae256800 DEOPT UNPACKING pc=0x0000029f8e2d76ce sp=0x000000fb0eef89b8 mode 0
Event: 1410.250 Thread 0x0000029fae260800 Uncommon trap: trap_request=0xffffff4d fr.pc=0x0000029f95f552e8 relative=0x0000000000000328
Event: 1410.250 Thread 0x0000029fae260800 Uncommon trap: reason=unstable_if action=reinterpret pc=0x0000029f95f552e8 method=java.util.WeakHashMap.remove(Ljava/lang/Object;)Ljava/lang/Object; @ 94 c2
Event: 1410.250 Thread 0x0000029fae260800 DEOPT PACKING pc=0x0000029f95f552e8 sp=0x000000fb0f0f61a0
Event: 1410.250 Thread 0x0000029fae260800 DEOPT UNPACKING pc=0x0000029f8e2d78af sp=0x000000fb0f0f6150 mode 2

Classes redefined (0 events):
No events

Internal exceptions (20 events):
Event: 1409.942 Thread 0x0000029fae25d000 Exception <a 'java/lang/NoSuchMethodError'{0x00000000930706c0}: 'void java.lang.invoke.DirectMethodHandle$Holder.invokeStatic(java.lang.Object, java.lang.Object, java.lang.Object, int)'> (0x00000000930706c0) thrown at [./src/hotspot/share/interpreter/linkResolver.cpp, line 773]
Event: 1409.942 Thread 0x0000029fae260800 Exception <a 'java/lang/NoSuchMethodError'{0x0000000092d095a0}: 'void java.lang.invoke.DirectMethodHandle$Holder.invokeStatic(java.lang.Object, java.lang.Object, java.lang.Object, int)'> (0x0000000092d095a0) thrown at [./src/hotspot/share/interpreter/linkResolver.cpp, line 773]
Event: 1409.944 Thread 0x0000029fae25d000 Exception <a 'java/lang/IncompatibleClassChangeError'{0x0000000092d47a08}: Found class java.lang.Object, but interface was expected> (0x0000000092d47a08) thrown at [./src/hotspot/share/interpreter/linkResolver.cpp, line 839]
Event: 1409.944 Thread 0x0000029fae263000 Exception <a 'java/lang/IncompatibleClassChangeError'{0x000000009304a230}: Found class java.lang.Object, but interface was expected> (0x000000009304a230) thrown at [./src/hotspot/share/interpreter/linkResolver.cpp, line 839]
Event: 1410.209 Thread 0x0000029fae260800 Exception <a 'java/lang/NoSuchMethodError'{0x00000000917be438}: 'java.lang.Object java.lang.invoke.DirectMethodHandle$Holder.invokeVirtual(java.lang.Object, java.lang.Object, int, java.lang.Object)'> (0x00000000917be438) thrown at [./src/hotspot/share/interpreter/linkResolver.cpp, line 773]
Event: 1410.209 Thread 0x0000029fae25d000 Exception <a 'java/lang/NoSuchMethodError'{0x00000000918c5a78}: 'java.lang.Object java.lang.invoke.DirectMethodHandle$Holder.invokeVirtual(java.lang.Object, java.lang.Object, int, java.lang.Object)'> (0x00000000918c5a78) thrown at [./src/hotspot/share/interpreter/linkResolver.cpp, line 773]
Event: 1410.209 Thread 0x0000029fae25f800 Exception <a 'java/lang/NoSuchMethodError'{0x0000000091710d80}: 'java.lang.Object java.lang.invoke.DirectMethodHandle$Holder.invokeVirtual(java.lang.Object, java.lang.Object, int, java.lang.Object)'> (0x0000000091710d80) thrown at [./src/hotspot/share/interpreter/linkResolver.cpp, line 773]
Event: 1410.209 Thread 0x0000029fae262000 Exception <a 'java/lang/NoSuchMethodError'{0x0000000091885e28}: 'java.lang.Object java.lang.invoke.DirectMethodHandle$Holder.invokeVirtual(java.lang.Object, java.lang.Object, int, java.lang.Object)'> (0x0000000091885e28) thrown at [./src/hotspot/share/interpreter/linkResolver.cpp, line 773]
Event: 1410.209 Thread 0x0000029fae25c800 Exception <a 'java/lang/NoSuchMethodError'{0x000000009163b8f8}: 'java.lang.Object java.lang.invoke.DirectMethodHandle$Holder.invokeVirtual(java.lang.Object, java.lang.Object, int, java.lang.Object)'> (0x000000009163b8f8) thrown at [./src/hotspot/share/interpreter/linkResolver.cpp, line 773]
Event: 1410.241 Thread 0x0000029fae25d000 Exception <a 'java/lang/IncompatibleClassChangeError'{0x00000000918dda48}: Found class java.lang.Object, but interface was expected> (0x00000000918dda48) thrown at [./src/hotspot/share/interpreter/linkResolver.cpp, line 839]
Event: 1410.242 Thread 0x0000029fae25f800 Exception <a 'java/lang/IncompatibleClassChangeError'{0x000000009167e778}: Found class java.lang.Object, but interface was expected> (0x000000009167e778) thrown at [./src/hotspot/share/interpreter/linkResolver.cpp, line 839]
Event: 1410.243 Thread 0x0000029fae25f800 Exception <a 'java/lang/IncompatibleClassChangeError'{0x0000000091681f28}: Found class java.lang.Object, but interface was expected> (0x0000000091681f28) thrown at [./src/hotspot/share/interpreter/linkResolver.cpp, line 839]
Event: 1410.243 Thread 0x0000029fae262000 Exception <a 'java/lang/IncompatibleClassChangeError'{0x000000009151dc50}: Found class java.lang.Object, but interface was expected> (0x000000009151dc50) thrown at [./src/hotspot/share/interpreter/linkResolver.cpp, line 839]
Event: 1410.243 Thread 0x0000029fae25c800 Exception <a 'java/lang/IncompatibleClassChangeError'{0x000000009152e750}: Found class java.lang.Object, but interface was expected> (0x000000009152e750) thrown at [./src/hotspot/share/interpreter/linkResolver.cpp, line 839]
Event: 1410.243 Thread 0x0000029fae25d000 Exception <a 'java/lang/IncompatibleClassChangeError'{0x0000000091543c18}: Found class java.lang.Object, but interface was expected> (0x0000000091543c18) thrown at [./src/hotspot/share/interpreter/linkResolver.cpp, line 839]
Event: 1410.243 Thread 0x0000029fae256800 Exception <a 'java/lang/IncompatibleClassChangeError'{0x000000009165dba0}: Found class java.lang.Object, but interface was expected> (0x000000009165dba0) thrown at [./src/hotspot/share/interpreter/linkResolver.cpp, line 839]
Event: 1410.264 Thread 0x0000029fae25c800 Exception <a 'java/lang/NoSuchMethodError'{0x00000000915d6d00}: 'void java.lang.invoke.DirectMethodHandle$Holder.invokeVirtual(java.lang.Object, java.lang.Object, int, java.lang.Object)'> (0x00000000915d6d00) thrown at [./src/hotspot/share/interpreter/linkResolver.cpp, line 773]
Event: 1410.264 Thread 0x0000029fae25d000 Exception <a 'java/lang/NoSuchMethodError'{0x00000000914ea818}: 'void java.lang.invoke.DirectMethodHandle$Holder.invokeVirtual(java.lang.Object, java.lang.Object, int, java.lang.Object)'> (0x00000000914ea818) thrown at [./src/hotspot/share/interpreter/linkResolver.cpp, line 773]
Event: 1410.264 Thread 0x0000029fae262000 Exception <a 'java/lang/NoSuchMethodError'{0x0000000091322398}: 'void java.lang.invoke.DirectMethodHandle$Holder.invokeVirtual(java.lang.Object, java.lang.Object, int, java.lang.Object)'> (0x0000000091322398) thrown at [./src/hotspot/share/interpreter/linkResolver.cpp, line 773]
Event: 1410.264 Thread 0x0000029fae260800 Exception <a 'java/lang/NoSuchMethodError'{0x000000009147d130}: 'void java.lang.invoke.DirectMethodHandle$Holder.invokeVirtual(java.lang.Object, java.lang.Object, int, java.lang.Object)'> (0x000000009147d130) thrown at [./src/hotspot/share/interpreter/linkResolver.cpp, line 773]

Events (20 events):
Event: 1410.342 loading class com/android/tools/r8/internal/Mc done
Event: 1410.343 loading class com/android/tools/r8/internal/Sr
Event: 1410.343 loading class com/android/tools/r8/internal/Sr done
Event: 1410.344 loading class com/android/tools/r8/internal/ja
Event: 1410.344 loading class com/android/tools/r8/internal/ja done
Event: 1410.344 loading class com/android/tools/r8/internal/NG
Event: 1410.344 loading class com/android/tools/r8/internal/NG done
Event: 1410.344 loading class com/android/tools/r8/internal/NG
Event: 1410.344 loading class com/android/tools/r8/internal/NG done
Event: 1410.344 loading class com/android/tools/r8/internal/NG
Event: 1410.344 loading class com/android/tools/r8/internal/NG done
Event: 1410.344 loading class com/android/tools/r8/internal/NG
Event: 1410.344 loading class com/android/tools/r8/internal/NG done
Event: 1410.344 loading class com/android/tools/r8/internal/NG
Event: 1410.344 loading class com/android/tools/r8/internal/NG done
Event: 1410.344 loading class com/android/tools/r8/internal/NG
Event: 1410.344 loading class com/android/tools/r8/internal/NG done
Event: 1410.345 Executing VM operation: RevokeBias
Event: 1410.345 loading class com/android/tools/r8/internal/Rr
Event: 1410.345 loading class com/android/tools/r8/internal/Rr done


Dynamic libraries:
0x00007ff63d560000 - 0x00007ff63d56a000 	D:\software\tools\jetbrains\Android Studio\jre\bin\java.exe
0x00007ffd89f10000 - 0x00007ffd8a105000 	C:\WINDOWS\SYSTEM32\ntdll.dll
0x00007ffd88180000 - 0x00007ffd8823e000 	C:\WINDOWS\System32\KERNEL32.DLL
0x00007ffd876c0000 - 0x00007ffd87988000 	C:\WINDOWS\System32\KERNELBASE.dll
0x00007ffd87e60000 - 0x00007ffd87f60000 	C:\WINDOWS\System32\ucrtbase.dll
0x00007ffd68b00000 - 0x00007ffd68b17000 	D:\software\tools\jetbrains\Android Studio\jre\bin\VCRUNTIME140.dll
0x00007ffd68ba0000 - 0x00007ffd68bb9000 	D:\software\tools\jetbrains\Android Studio\jre\bin\jli.dll
0x00007ffd88ba0000 - 0x00007ffd88d41000 	C:\WINDOWS\System32\USER32.dll
0x00007ffd87d80000 - 0x00007ffd87da2000 	C:\WINDOWS\System32\win32u.dll
0x00007ffd89ea0000 - 0x00007ffd89ecb000 	C:\WINDOWS\System32\GDI32.dll
0x00007ffd879c0000 - 0x00007ffd87acb000 	C:\WINDOWS\System32\gdi32full.dll
0x00007ffd87ce0000 - 0x00007ffd87d7d000 	C:\WINDOWS\System32\msvcp_win.dll
0x00007ffd75400000 - 0x00007ffd7569a000 	C:\WINDOWS\WinSxS\amd64_microsoft.windows.common-controls_6595b64144ccf1df_6.0.19041.1110_none_60b5254171f9507e\COMCTL32.dll
0x00007ffd88970000 - 0x00007ffd88a0e000 	C:\WINDOWS\System32\msvcrt.dll
0x00007ffd88a10000 - 0x00007ffd88a40000 	C:\WINDOWS\System32\IMM32.DLL
0x00007ffd3e610000 - 0x00007ffd3e6ad000 	D:\software\tools\jetbrains\Android Studio\jre\bin\msvcp140.dll
0x00007ffd4a600000 - 0x00007ffd4b0cf000 	D:\software\tools\jetbrains\Android Studio\jre\bin\server\jvm.dll
0x00007ffd88a40000 - 0x00007ffd88aec000 	C:\WINDOWS\System32\ADVAPI32.dll
0x00007ffd87f60000 - 0x00007ffd87ffb000 	C:\WINDOWS\System32\sechost.dll
0x00007ffd895d0000 - 0x00007ffd896fa000 	C:\WINDOWS\System32\RPCRT4.dll
0x00007ffd894f0000 - 0x00007ffd894f8000 	C:\WINDOWS\System32\PSAPI.DLL
0x00007ffd871b0000 - 0x00007ffd871ba000 	C:\WINDOWS\SYSTEM32\VERSION.dll
0x00007ffd75850000 - 0x00007ffd75877000 	C:\WINDOWS\SYSTEM32\WINMM.dll
0x00007ffd85d20000 - 0x00007ffd85d29000 	C:\WINDOWS\SYSTEM32\WSOCK32.dll
0x00007ffd88fa0000 - 0x00007ffd8900b000 	C:\WINDOWS\System32\WS2_32.dll
0x00007ffd85e40000 - 0x00007ffd85e52000 	C:\WINDOWS\SYSTEM32\kernel.appcore.dll
0x00007ffd7f7e0000 - 0x00007ffd7f7f1000 	D:\software\tools\jetbrains\Android Studio\jre\bin\verify.dll
0x00007ffd85b10000 - 0x00007ffd85cf4000 	C:\WINDOWS\SYSTEM32\DBGHELP.DLL
0x00007ffd71910000 - 0x00007ffd7193c000 	C:\WINDOWS\SYSTEM32\dbgcore.DLL
0x00007ffd87630000 - 0x00007ffd876b3000 	C:\WINDOWS\System32\bcryptPrimitives.dll
0x00007ffd7f7b0000 - 0x00007ffd7f7d9000 	D:\software\tools\jetbrains\Android Studio\jre\bin\java.dll
0x00007ffd84210000 - 0x00007ffd8421b000 	D:\software\tools\jetbrains\Android Studio\jre\bin\jimage.dll
0x00007ffd7f800000 - 0x00007ffd7f818000 	D:\software\tools\jetbrains\Android Studio\jre\bin\zip.dll
0x00007ffd89700000 - 0x00007ffd89e3f000 	C:\WINDOWS\System32\SHELL32.dll
0x00007ffd852b0000 - 0x00007ffd85a40000 	C:\WINDOWS\SYSTEM32\windows.storage.dll
0x00007ffd88240000 - 0x00007ffd88595000 	C:\WINDOWS\System32\combase.dll
0x00007ffd87010000 - 0x00007ffd8703e000 	C:\WINDOWS\SYSTEM32\Wldp.dll
0x00007ffd88af0000 - 0x00007ffd88b9d000 	C:\WINDOWS\System32\SHCORE.dll
0x00007ffd89e40000 - 0x00007ffd89e95000 	C:\WINDOWS\System32\shlwapi.dll
0x00007ffd87570000 - 0x00007ffd8758f000 	C:\WINDOWS\SYSTEM32\profapi.dll
0x00007ffd7f790000 - 0x00007ffd7f7aa000 	D:\software\tools\jetbrains\Android Studio\jre\bin\net.dll
0x00007ffd7dfe0000 - 0x00007ffd7e0ec000 	C:\WINDOWS\SYSTEM32\WINHTTP.dll
0x00007ffd86d70000 - 0x00007ffd86dda000 	C:\WINDOWS\system32\mswsock.dll
0x00007ffd7f770000 - 0x00007ffd7f784000 	D:\software\tools\jetbrains\Android Studio\jre\bin\nio.dll
0x00007ffd6e8c0000 - 0x00007ffd6e8e7000 	C:\Users\pwj\.gradle\native\8bec1ad78214c89d9ad589b4d07fe93259594b29d510b10fafb7a158f7737e5d\windows-amd64\native-platform.dll
0x00007ffd3f800000 - 0x00007ffd3f93d000 	C:\Users\pwj\.gradle\native\53dbd7edfb1c66fb8903c78663c9afc45aea4f116125fa6feffd364cf09443e8\windows-amd64\native-platform-file-events.dll
0x00007ffd84020000 - 0x00007ffd8402a000 	D:\software\tools\jetbrains\Android Studio\jre\bin\management.dll
0x00007ffd84000000 - 0x00007ffd8400c000 	D:\software\tools\jetbrains\Android Studio\jre\bin\management_ext.dll
0x00007ffd86f70000 - 0x00007ffd86f88000 	C:\WINDOWS\SYSTEM32\CRYPTSP.dll
0x00007ffd86680000 - 0x00007ffd866b4000 	C:\WINDOWS\system32\rsaenh.dll
0x00007ffd87990000 - 0x00007ffd879b7000 	C:\WINDOWS\System32\bcrypt.dll
0x00007ffd874f0000 - 0x00007ffd8751e000 	C:\WINDOWS\SYSTEM32\USERENV.dll
0x00007ffd86f60000 - 0x00007ffd86f6c000 	C:\WINDOWS\SYSTEM32\CRYPTBASE.dll
0x00007ffd86a10000 - 0x00007ffd86a4b000 	C:\WINDOWS\SYSTEM32\IPHLPAPI.DLL
0x00007ffd88110000 - 0x00007ffd88118000 	C:\WINDOWS\System32\NSI.dll
0x00007ffd786f0000 - 0x00007ffd78707000 	C:\WINDOWS\SYSTEM32\dhcpcsvc6.DLL
0x00007ffd786d0000 - 0x00007ffd786ed000 	C:\WINDOWS\SYSTEM32\dhcpcsvc.DLL
0x00007ffd86a50000 - 0x00007ffd86b1b000 	C:\WINDOWS\SYSTEM32\DNSAPI.dll
0x00007ffd6a940000 - 0x00007ffd6a967000 	D:\software\tools\jetbrains\Android Studio\jre\bin\sunec.dll
0x000000005f020000 - 0x000000005f046000 	C:\Program Files\Bonjour\mdnsNSP.dll
0x00007ffd7af00000 - 0x00007ffd7af0a000 	C:\Windows\System32\rasadhlp.dll
0x00007ffd768b0000 - 0x00007ffd7692f000 	C:\WINDOWS\System32\fwpuclnt.dll
0x00007ffd862b0000 - 0x00007ffd862e3000 	C:\WINDOWS\SYSTEM32\ntmarta.dll
0x00007ffd84160000 - 0x00007ffd841f0000 	C:\WINDOWS\system32\apphelp.dll

dbghelp: loaded successfully - version: 4.0.5 - missing functions: none
symbol engine: initialized successfully - sym options: 0x614 - pdb path: .;D:\software\tools\jetbrains\Android Studio\jre\bin;C:\WINDOWS\SYSTEM32;C:\WINDOWS\WinSxS\amd64_microsoft.windows.common-controls_6595b64144ccf1df_6.0.19041.1110_none_60b5254171f9507e;D:\software\tools\jetbrains\Android Studio\jre\bin\server;C:\Users\pwj\.gradle\native\8bec1ad78214c89d9ad589b4d07fe93259594b29d510b10fafb7a158f7737e5d\windows-amd64;C:\Users\pwj\.gradle\native\53dbd7edfb1c66fb8903c78663c9afc45aea4f116125fa6feffd364cf09443e8\windows-amd64;C:\Program Files\Bonjour

VM Arguments:
jvm_args: --add-opens=java.base/java.util=ALL-UNNAMED --add-opens=java.base/java.lang=ALL-UNNAMED --add-opens=java.base/java.lang.invoke=ALL-UNNAMED --add-opens=java.base/java.util=ALL-UNNAMED --add-opens=java.prefs/java.util.prefs=ALL-UNNAMED --add-opens=java.prefs/java.util.prefs=ALL-UNNAMED --add-opens=java.base/java.nio.charset=ALL-UNNAMED --add-opens=java.base/java.net=ALL-UNNAMED --add-opens=java.base/java.util.concurrent.atomic=ALL-UNNAMED -Xmx2048m -Dfile.encoding=UTF-8 -Duser.country=CN -Duser.language=zh -Duser.variant 
java_command: org.gradle.launcher.daemon.bootstrap.GradleDaemon 7.0.2
java_class_path (initial): C:\Users\pwj\.gradle\wrapper\dists\gradle-7.0.2-bin\857tjihv64xamwrf0h14cai3r\gradle-7.0.2\lib\gradle-launcher-7.0.2.jar
Launcher Type: SUN_STANDARD

[Global flags]
     intx CICompilerCount                          = 4                                         {product} {ergonomic}
     uint ConcGCThreads                            = 2                                         {product} {ergonomic}
     uint G1ConcRefinementThreads                  = 8                                         {product} {ergonomic}
   size_t G1HeapRegionSize                         = 1048576                                   {product} {ergonomic}
    uintx GCDrainStackTargetSize                   = 64                                        {product} {ergonomic}
   size_t InitialHeapSize                          = 266338304                                 {product} {ergonomic}
   size_t MarkStackSize                            = 4194304                                   {product} {ergonomic}
   size_t MaxHeapSize                              = 2147483648                                {product} {command line}
   size_t MaxNewSize                               = 1287651328                                {product} {ergonomic}
   size_t MinHeapDeltaBytes                        = 1048576                                   {product} {ergonomic}
    uintx NonNMethodCodeHeapSize                   = 5836300                                {pd product} {ergonomic}
    uintx NonProfiledCodeHeapSize                  = 122910970                              {pd product} {ergonomic}
    uintx ProfiledCodeHeapSize                     = 122910970                              {pd product} {ergonomic}
    uintx ReservedCodeCacheSize                    = 251658240                              {pd product} {ergonomic}
     bool SegmentedCodeCache                       = true                                      {product} {ergonomic}
     bool UseCompressedClassPointers               = true                                 {lp64_product} {ergonomic}
     bool UseCompressedOops                        = true                                 {lp64_product} {ergonomic}
     bool UseG1GC                                  = true                                      {product} {ergonomic}
     bool UseLargePagesIndividualAllocation        = false                                  {pd product} {ergonomic}

Logging:
Log output configuration:
 #0: stdout all=warning uptime,level,tags
 #1: stderr all=off uptime,level,tags

Environment Variables:
JAVA_HOME=D:\software\Android\Java
CLASSPATH=.;D:\software\Android\Java\lib;D:\software\Android\Java\lib\dt.jar;D:\software\Android\Java\lib\tools.jar
PATH=C:\Program Files\Common Files\Oracle\Java\javapath;D:\software\tools\ImageMagick-7.0.1-Q16;C:\Program Files (x86)\Common Files\Oracle\Java\javapath;C:\Program Files\Dell\DW WLAN Card;C:\Windows\system32;C:\Windows;C:\Windows\System32\Wbem;C:\Windows\System32\WindowsPowerShell\v1.0\;C:\Program Files\WIDCOMM\Bluetooth Software\;C:\Program Files\WIDCOMM\Bluetooth Software\syswow64;C:\Program Files (x86)\NVIDIA Corporation\PhysX\Common;C:\WINDOWS\system32;C:\WINDOWS;C:\WINDOWS\System32\Wbem;C:\WINDOWS\System32\WindowsPowerShell\v1.0\;C:\WINDOWS\System32\OpenSSH\;C:\Program Files\NVIDIA Corporation\NVIDIA NvDLISR;D:\software\Android\Java\bin;D:\software\Android\Java\jre\bin;C:\WINDOWS\system32;C:\WINDOWS;C:\WINDOWS\System32\Wbem;C:\WINDOWS\System32\WindowsPowerShell\v1.0\;C:\WINDOWS\System32\OpenSSH\;D:\software\supportsdk\flutterSdk\flutter\bin;D:\software\supportsdk\flutterSdk\flutter\bin\cache\dart-sdk\bin;D:\software\supportsdk\Gradle\gradle-6.4\bin;D:\software\Android\sdk\platform-tools;D:\software\Android\sdk\tools;D:\software\Android\sdk\ndk\20.0.5594570;D:\software\tools\svn\bin;D:\software\tools\Lua\5.1;D:\software\tools\Lua\5.1\clibs;D:\software\tools\node\;D:\software\Go\go\bin;D:\software\Go\gopath\bin;D:\software\Go\consul;D:\software\tools\redis;D:\software\supportsdk\cygwin\bin;D:\software\supportsdk\netcat-win32-1.12;C:\Program Files (x86)\Intel\Intel(R) Management Engine Components\DAL;C:\Program Files\Intel\Intel(R) Management Engine Components\DAL;D:\software\supportsdk\Maven\apache-maven-3.6.3\bin;D:\software\supportsdk\Maven\apache-maven-3.6.3\bin;D:\software\tools\tomcat-9.0.34\apache-tomcat-9.0.34\bin;D:\software\tools\tomcat-9.0.34\apache-tomcat-9.0.34\lib;C:\Program Files\dotnet\;D:\software\tools\nexus-3.30.1-01-win64\nexus-3.30.1-01\bin;C:\Program Files\Microsoft SQL Server\130\Tools\Binn\;D:\software\tools\Git\Git\cmd;D:\software\Android\sdk\cmake\3.10.2.4988404\bin;D:\software\supportsdk\Python\Python38\Scripts\;D:\software\supportsdk\Pytho
USERNAME=pwj
OS=Windows_NT
PROCESSOR_IDENTIFIER=Intel64 Family 6 Model 94 Stepping 3, GenuineIntel



---------------  S Y S T E M  ---------------

OS: Windows 10 , 64 bit Build 19041 (10.0.19041.1348)
OS uptime: 1 days 3:14 hours

CPU:total 8 (initial active 8) (4 cores per cpu, 2 threads per core) family 6 model 94 stepping 3 microcode 0xd6, cmov, cx8, fxsr, mmx, sse, sse2, sse3, ssse3, sse4.1, sse4.2, popcnt, avx, avx2, aes, clmul, erms, rtm, 3dnowpref, lzcnt, ht, tsc, tscinvbit, bmi1, bmi2, adx, fma

Memory: 4k page, system-wide physical 16245M (76M free)
TotalPageFile size 44971M (AvailPageFile size 149M)
current process WorkingSet (physical memory assigned to process): 655M, peak: 747M
current process commit charge ("private bytes"): 804M, peak: 804M

vm_info: OpenJDK 64-Bit Server VM (11.0.10+0-b96-7249189) for windows-amd64 JRE (11.0.10+0-b96-7249189), built on Mar 31 2021 21:44:00 by "builder" with MS VC++ 14.0 (VS2015)

END.
